<?xml version="1.0" encoding="UTF-8"?>
<coverage generated="1766643369426" clover="3.2.0">
  <project timestamp="1766643369426" name="All files">
    <metrics statements="341" coveredstatements="284" conditionals="147" coveredconditionals="104" methods="171" coveredmethods="136" elements="659" coveredelements="524" complexity="0" loc="341" ncloc="341" packages="3" files="9" classes="9"/>
    <package name="config">
      <metrics statements="10" coveredstatements="10" conditionals="0" coveredconditionals="0" methods="0" coveredmethods="0"/>
      <file name="dev.ts" path="/Users/joe/Downloads/cursed-dice/src/config/dev.ts">
        <metrics statements="1" coveredstatements="1" conditionals="0" coveredconditionals="0" methods="0" coveredmethods="0"/>
        <line num="6" count="2" type="stmt"/>
      </file>
      <file name="game-rules.ts" path="/Users/joe/Downloads/cursed-dice/src/config/game-rules.ts">
        <metrics statements="2" coveredstatements="2" conditionals="0" coveredconditionals="0" methods="0" coveredmethods="0"/>
        <line num="10" count="3" type="stmt"/>
        <line num="26" count="3" type="stmt"/>
      </file>
      <file name="sizes.ts" path="/Users/joe/Downloads/cursed-dice/src/config/sizes.ts">
        <metrics statements="4" coveredstatements="4" conditionals="0" coveredconditionals="0" methods="0" coveredmethods="0"/>
        <line num="10" count="2" type="stmt"/>
        <line num="19" count="2" type="stmt"/>
        <line num="95" count="2" type="stmt"/>
        <line num="122" count="2" type="stmt"/>
      </file>
      <file name="theme.ts" path="/Users/joe/Downloads/cursed-dice/src/config/theme.ts">
        <metrics statements="3" coveredstatements="3" conditionals="0" coveredconditionals="0" methods="0" coveredmethods="0"/>
        <line num="19" count="2" type="stmt"/>
        <line num="115" count="2" type="stmt"/>
        <line num="205" count="2" type="stmt"/>
      </file>
    </package>
    <package name="data">
      <metrics statements="55" coveredstatements="45" conditionals="33" coveredconditionals="32" methods="53" coveredmethods="38"/>
      <file name="categories.ts" path="/Users/joe/Downloads/cursed-dice/src/data/categories.ts">
        <metrics statements="50" coveredstatements="43" conditionals="33" coveredconditionals="32" methods="50" coveredmethods="38"/>
        <line num="50" count="35" type="stmt"/>
        <line num="54" count="19" type="stmt"/>
        <line num="55" count="19" type="stmt"/>
        <line num="56" count="95" type="cond" truecount="2" falsecount="0"/>
        <line num="58" count="19" type="stmt"/>
        <line num="62" count="11" type="stmt"/>
        <line num="63" count="18" type="stmt"/>
        <line num="67" count="25" type="stmt"/>
        <line num="68" count="5" type="cond" truecount="3" falsecount="0"/>
        <line num="73" count="20" type="stmt"/>
        <line num="74" count="5" type="cond" truecount="2" falsecount="0"/>
        <line num="78" count="5" type="stmt"/>
        <line num="79" count="4" type="cond" truecount="2" falsecount="0"/>
        <line num="83" count="7" type="stmt"/>
        <line num="84" count="4" type="cond" truecount="2" falsecount="0"/>
        <line num="88" count="70" type="stmt"/>
        <line num="95" count="1" type="stmt"/>
        <line num="102" count="2" type="stmt"/>
        <line num="110" count="1" type="stmt"/>
        <line num="118" count="1" type="stmt"/>
        <line num="126" count="1" type="stmt"/>
        <line num="134" count="1" type="stmt"/>
        <line num="142" count="1" type="stmt"/>
        <line num="146" count="1" type="stmt"/>
        <line num="153" count="4" type="cond" truecount="2" falsecount="0"/>
        <line num="161" count="3" type="cond" truecount="2" falsecount="0"/>
        <line num="169" count="4" type="cond" truecount="2" falsecount="0"/>
        <line num="177" count="5" type="cond" truecount="2" falsecount="0"/>
        <line num="185" count="5" type="cond" truecount="2" falsecount="0"/>
        <line num="193" count="4" type="cond" truecount="2" falsecount="0"/>
        <line num="205" count="1" type="stmt"/>
        <line num="212" count="4" type="cond" truecount="2" falsecount="0"/>
        <line num="220" count="7" type="cond" truecount="2" falsecount="0"/>
        <line num="228" count="7" type="cond" truecount="2" falsecount="0"/>
        <line num="236" count="11" type="cond" truecount="2" falsecount="0"/>
        <line num="241" count="1" type="stmt"/>
        <line num="248" count="1" type="stmt"/>
        <line num="257" count="1" type="stmt"/>
        <line num="258" count="17" type="stmt"/>
        <line num="262" count="46" type="stmt"/>
        <line num="263" count="46" type="cond" truecount="1" falsecount="1"/>
        <line num="264" count="46" type="stmt"/>
        <line num="268" count="0" type="stmt"/>
        <line num="272" count="0" type="stmt"/>
        <line num="276" count="46" type="stmt"/>
        <line num="280" count="0" type="stmt"/>
        <line num="284" count="0" type="stmt"/>
        <line num="288" count="0" type="stmt"/>
        <line num="292" count="0" type="stmt"/>
        <line num="296" count="0" type="stmt"/>
      </file>
      <file name="difficulties.ts" path="/Users/joe/Downloads/cursed-dice/src/data/difficulties.ts">
        <metrics statements="5" coveredstatements="2" conditionals="0" coveredconditionals="0" methods="3" coveredmethods="0"/>
        <line num="21" count="2" type="stmt"/>
        <line num="54" count="2" type="stmt"/>
        <line num="57" count="0" type="stmt"/>
        <line num="61" count="0" type="stmt"/>
        <line num="65" count="0" type="stmt"/>
      </file>
    </package>
    <package name="systems">
      <metrics statements="276" coveredstatements="229" conditionals="114" coveredconditionals="72" methods="118" coveredmethods="98"/>
      <file name="logger.ts" path="/Users/joe/Downloads/cursed-dice/src/systems/logger.ts">
        <metrics statements="20" coveredstatements="13" conditionals="11" coveredconditionals="5" methods="8" coveredmethods="5"/>
        <line num="17" count="2" type="stmt"/>
        <line num="18" count="130" type="stmt"/>
        <line num="19" count="12" type="stmt"/>
        <line num="20" count="0" type="stmt"/>
        <line num="21" count="1" type="stmt"/>
        <line num="31" count="143" type="cond" truecount="1" falsecount="1"/>
        <line num="32" count="0" type="stmt"/>
        <line num="33" count="0" type="stmt"/>
        <line num="37" count="143" type="cond" truecount="1" falsecount="1"/>
        <line num="39" count="143" type="stmt"/>
        <line num="41" count="143" type="cond" truecount="3" falsecount="0"/>
        <line num="43" count="12" type="stmt"/>
        <line num="44" count="12" type="stmt"/>
        <line num="46" count="1" type="stmt"/>
        <line num="47" count="1" type="stmt"/>
        <line num="49" count="130" type="stmt"/>
        <line num="58" count="0" type="cond" truecount="0" falsecount="2"/>
        <line num="59" count="0" type="stmt"/>
        <line num="68" count="0" type="cond" truecount="0" falsecount="2"/>
        <line num="69" count="0" type="stmt"/>
      </file>
      <file name="scorecard.ts" path="/Users/joe/Downloads/cursed-dice/src/systems/scorecard.ts">
        <metrics statements="173" coveredstatements="138" conditionals="82" coveredconditionals="48" methods="88" coveredmethods="73"/>
        <line num="10" count="1" type="stmt"/>
        <line num="50" count="1" type="stmt"/>
        <line num="56" count="245" type="stmt"/>
        <line num="63" count="17" type="stmt"/>
        <line num="64" count="17" type="stmt"/>
        <line num="65" count="85" type="cond" truecount="2" falsecount="0"/>
        <line num="67" count="17" type="stmt"/>
        <line num="74" count="12" type="stmt"/>
        <line num="75" count="29" type="stmt"/>
        <line num="82" count="4" type="stmt"/>
        <line num="83" count="1" type="cond" truecount="1" falsecount="2"/>
        <line num="90" count="28" type="stmt"/>
        <line num="91" count="7" type="cond" truecount="2" falsecount="0"/>
        <line num="98" count="5" type="stmt"/>
        <line num="99" count="3" type="cond" truecount="2" falsecount="0"/>
        <line num="106" count="20" type="stmt"/>
        <line num="115" count="3" type="cond" truecount="1" falsecount="1"/>
        <line num="117" count="3" type="stmt"/>
        <line num="118" count="3" type="stmt"/>
        <line num="120" count="18" type="stmt"/>
        <line num="121" count="18" type="stmt"/>
        <line num="123" count="3" type="stmt"/>
        <line num="131" count="3" type="stmt"/>
        <line num="132" count="3" type="stmt"/>
        <line num="133" count="3" type="stmt"/>
        <line num="135" count="3" type="stmt"/>
        <line num="136" count="18" type="stmt"/>
        <line num="137" count="18" type="cond" truecount="2" falsecount="0"/>
        <line num="138" count="6" type="stmt"/>
        <line num="139" count="6" type="stmt"/>
        <line num="143" count="3" type="stmt"/>
        <line num="155" count="4" type="stmt"/>
        <line num="157" count="6" type="stmt"/>
        <line num="158" count="2" type="cond" truecount="3" falsecount="0"/>
        <line num="165" count="0" type="stmt"/>
        <line num="172" count="0" type="stmt"/>
        <line num="179" count="0" type="stmt"/>
        <line num="186" count="27" type="stmt"/>
        <line num="189" count="27" type="stmt"/>
        <line num="195" count="12" type="stmt"/>
        <line num="198" count="27" type="stmt"/>
        <line num="204" count="7" type="stmt"/>
        <line num="207" count="27" type="stmt"/>
        <line num="213" count="6" type="stmt"/>
        <line num="216" count="27" type="stmt"/>
        <line num="222" count="6" type="stmt"/>
        <line num="225" count="27" type="stmt"/>
        <line num="231" count="6" type="stmt"/>
        <line num="234" count="27" type="stmt"/>
        <line num="240" count="12" type="stmt"/>
        <line num="244" count="27" type="stmt"/>
        <line num="250" count="1" type="cond" truecount="1" falsecount="1"/>
        <line num="253" count="27" type="stmt"/>
        <line num="259" count="1" type="cond" truecount="1" falsecount="1"/>
        <line num="262" count="27" type="stmt"/>
        <line num="268" count="1" type="cond" truecount="1" falsecount="1"/>
        <line num="271" count="27" type="stmt"/>
        <line num="277" count="1" type="cond" truecount="1" falsecount="1"/>
        <line num="280" count="27" type="stmt"/>
        <line num="286" count="7" type="cond" truecount="2" falsecount="0"/>
        <line num="289" count="27" type="stmt"/>
        <line num="295" count="8" type="cond" truecount="2" falsecount="0"/>
        <line num="298" count="27" type="stmt"/>
        <line num="304" count="2" type="stmt"/>
        <line num="309" count="27" type="stmt"/>
        <line num="315" count="2" type="cond" truecount="1" falsecount="1"/>
        <line num="318" count="27" type="stmt"/>
        <line num="324" count="0" type="cond" truecount="0" falsecount="2"/>
        <line num="327" count="27" type="stmt"/>
        <line num="333" count="0" type="cond" truecount="0" falsecount="2"/>
        <line num="336" count="27" type="stmt"/>
        <line num="342" count="0" type="cond" truecount="0" falsecount="2"/>
        <line num="345" count="27" type="stmt"/>
        <line num="352" count="24" type="stmt"/>
        <line num="363" count="3" type="stmt"/>
        <line num="364" count="3" type="stmt"/>
        <line num="375" count="3" type="stmt"/>
        <line num="376" count="3" type="stmt"/>
        <line num="383" count="3" type="stmt"/>
        <line num="390" count="12" type="stmt"/>
        <line num="391" count="204" type="cond" truecount="2" falsecount="0"/>
        <line num="399" count="1020" type="stmt"/>
        <line num="406" count="51" type="stmt"/>
        <line num="413" count="51" type="stmt"/>
        <line num="420" count="3" type="stmt"/>
        <line num="427" count="0" type="stmt"/>
        <line num="428" count="0" type="cond" truecount="0" falsecount="2"/>
        <line num="429" count="0" type="stmt"/>
        <line num="430" count="0" type="stmt"/>
        <line num="432" count="0" type="cond" truecount="0" falsecount="2"/>
        <line num="433" count="0" type="stmt"/>
        <line num="436" count="0" type="cond" truecount="0" falsecount="4"/>
        <line num="437" count="0" type="stmt"/>
        <line num="438" count="0" type="stmt"/>
        <line num="440" count="0" type="stmt"/>
        <line num="447" count="69" type="stmt"/>
        <line num="455" count="2" type="stmt"/>
        <line num="456" count="2" type="cond" truecount="1" falsecount="1"/>
        <line num="459" count="2" type="cond" truecount="1" falsecount="1"/>
        <line num="460" count="2" type="stmt"/>
        <line num="463" count="0" type="stmt"/>
        <line num="472" count="56" type="stmt"/>
        <line num="473" count="56" type="cond" truecount="1" falsecount="1"/>
        <line num="474" count="0" type="stmt"/>
        <line num="475" count="0" type="stmt"/>
        <line num="477" count="56" type="cond" truecount="2" falsecount="0"/>
        <line num="478" count="1" type="stmt"/>
        <line num="479" count="1" type="stmt"/>
        <line num="486" count="55" type="cond" truecount="2" falsecount="0"/>
        <line num="487" count="1" type="stmt"/>
        <line num="488" count="1" type="stmt"/>
        <line num="489" count="1" type="stmt"/>
        <line num="490" count="1" type="stmt"/>
        <line num="492" count="54" type="stmt"/>
        <line num="493" count="54" type="stmt"/>
        <line num="496" count="55" type="stmt"/>
        <line num="497" count="55" type="stmt"/>
        <line num="500" count="55" type="stmt"/>
        <line num="502" count="55" type="stmt"/>
        <line num="509" count="0" type="stmt"/>
        <line num="517" count="3" type="stmt"/>
        <line num="518" count="3" type="cond" truecount="1" falsecount="1"/>
        <line num="519" count="0" type="stmt"/>
        <line num="520" count="0" type="stmt"/>
        <line num="522" count="3" type="cond" truecount="2" falsecount="0"/>
        <line num="523" count="1" type="stmt"/>
        <line num="524" count="1" type="stmt"/>
        <line num="527" count="2" type="stmt"/>
        <line num="528" count="2" type="stmt"/>
        <line num="531" count="2" type="stmt"/>
        <line num="533" count="2" type="stmt"/>
        <line num="540" count="0" type="stmt"/>
        <line num="541" count="0" type="cond" truecount="0" falsecount="2"/>
        <line num="542" count="0" type="stmt"/>
        <line num="543" count="0" type="stmt"/>
        <line num="546" count="0" type="stmt"/>
        <line num="547" count="0" type="stmt"/>
        <line num="548" count="0" type="stmt"/>
        <line num="551" count="0" type="stmt"/>
        <line num="553" count="0" type="stmt"/>
        <line num="560" count="55" type="stmt"/>
        <line num="561" count="330" type="stmt"/>
        <line num="562" count="176" type="cond" truecount="1" falsecount="1"/>
        <line num="564" count="55" type="cond" truecount="4" falsecount="0"/>
        <line num="565" count="5" type="stmt"/>
        <line num="566" count="5" type="stmt"/>
        <line num="574" count="2" type="stmt"/>
        <line num="575" count="12" type="stmt"/>
        <line num="576" count="5" type="cond" truecount="1" falsecount="1"/>
        <line num="578" count="2" type="cond" truecount="4" falsecount="0"/>
        <line num="579" count="1" type="stmt"/>
        <line num="580" count="1" type="stmt"/>
        <line num="588" count="3" type="stmt"/>
        <line num="589" count="18" type="stmt"/>
        <line num="590" count="6" type="cond" truecount="1" falsecount="1"/>
        <line num="597" count="7" type="stmt"/>
        <line num="604" count="3" type="stmt"/>
        <line num="605" count="21" type="stmt"/>
        <line num="606" count="0" type="cond" truecount="0" falsecount="2"/>
        <line num="613" count="2" type="stmt"/>
        <line num="614" count="8" type="stmt"/>
        <line num="615" count="2" type="cond" truecount="1" falsecount="1"/>
        <line num="622" count="3" type="stmt"/>
        <line num="623" count="3" type="cond" truecount="2" falsecount="0"/>
        <line num="624" count="1" type="stmt"/>
        <line num="626" count="3" type="stmt"/>
        <line num="634" count="2" type="stmt"/>
        <line num="641" count="0" type="stmt"/>
        <line num="642" count="0" type="stmt"/>
        <line num="649" count="95" type="stmt"/>
        <line num="656" count="2" type="stmt"/>
        <line num="663" count="0" type="stmt"/>
        <line num="672" count="24" type="stmt"/>
      </file>
      <file name="state-machine.ts" path="/Users/joe/Downloads/cursed-dice/src/systems/state-machine.ts">
        <metrics statements="83" coveredstatements="78" conditionals="21" coveredconditionals="19" methods="22" coveredmethods="20"/>
        <line num="25" count="1" type="stmt"/>
        <line num="55" count="34" type="stmt"/>
        <line num="56" count="34" type="stmt"/>
        <line num="58" count="34" type="stmt"/>
        <line num="59" count="34" type="stmt"/>
        <line num="60" count="34" type="stmt"/>
        <line num="63" count="34" type="stmt"/>
        <line num="71" count="34" type="stmt"/>
        <line num="74" count="34" type="stmt"/>
        <line num="75" count="34" type="stmt"/>
        <line num="78" count="34" type="stmt"/>
        <line num="79" count="34" type="stmt"/>
        <line num="80" count="34" type="stmt"/>
        <line num="81" count="34" type="stmt"/>
        <line num="84" count="34" type="stmt"/>
        <line num="85" count="34" type="stmt"/>
        <line num="88" count="34" type="stmt"/>
        <line num="89" count="34" type="stmt"/>
        <line num="92" count="34" type="stmt"/>
        <line num="93" count="34" type="stmt"/>
        <line num="94" count="34" type="stmt"/>
        <line num="97" count="34" type="stmt"/>
        <line num="100" count="34" type="stmt"/>
        <line num="101" count="34" type="stmt"/>
        <line num="104" count="34" type="stmt"/>
        <line num="105" count="34" type="stmt"/>
        <line num="106" count="34" type="stmt"/>
        <line num="110" count="34" type="stmt"/>
        <line num="111" count="34" type="stmt"/>
        <line num="112" count="34" type="stmt"/>
        <line num="113" count="34" type="stmt"/>
        <line num="114" count="34" type="stmt"/>
        <line num="117" count="34" type="stmt"/>
        <line num="118" count="34" type="stmt"/>
        <line num="125" count="918" type="stmt"/>
        <line num="132" count="70" type="stmt"/>
        <line num="133" count="529" type="cond" truecount="2" falsecount="0"/>
        <line num="134" count="529" type="stmt"/>
        <line num="135" count="529" type="cond" truecount="1" falsecount="1"/>
        <line num="136" count="529" type="cond" truecount="3" falsecount="0"/>
        <line num="138" count="70" type="stmt"/>
        <line num="146" count="65" type="cond" truecount="2" falsecount="0"/>
        <line num="147" count="3" type="stmt"/>
        <line num="148" count="3" type="stmt"/>
        <line num="151" count="62" type="stmt"/>
        <line num="152" count="62" type="stmt"/>
        <line num="155" count="62" type="stmt"/>
        <line num="158" count="62" type="cond" truecount="2" falsecount="0"/>
        <line num="159" count="65" type="stmt"/>
        <line num="162" count="65" type="stmt"/>
        <line num="165" count="65" type="cond" truecount="2" falsecount="0"/>
        <line num="166" count="65" type="stmt"/>
        <line num="168" count="65" type="stmt"/>
        <line num="175" count="8" type="stmt"/>
        <line num="176" count="8" type="stmt"/>
        <line num="178" count="8" type="stmt"/>
        <line num="180" count="8" type="cond" truecount="2" falsecount="0"/>
        <line num="181" count="8" type="stmt"/>
        <line num="183" count="8" type="stmt"/>
        <line num="185" count="8" type="cond" truecount="2" falsecount="0"/>
        <line num="186" count="8" type="stmt"/>
        <line num="193" count="7" type="cond" truecount="2" falsecount="0"/>
        <line num="194" count="6" type="stmt"/>
        <line num="196" count="7" type="stmt"/>
        <line num="203" count="2" type="cond" truecount="1" falsecount="1"/>
        <line num="204" count="2" type="stmt"/>
        <line num="206" count="2" type="stmt"/>
        <line num="213" count="11" type="stmt"/>
        <line num="220" count="6" type="stmt"/>
        <line num="227" count="4" type="stmt"/>
        <line num="234" count="9" type="stmt"/>
        <line num="241" count="7" type="stmt"/>
        <line num="248" count="1" type="stmt"/>
        <line num="249" count="1" type="stmt"/>
        <line num="250" count="1" type="stmt"/>
        <line num="257" count="1" type="stmt"/>
        <line num="258" count="1" type="stmt"/>
        <line num="265" count="0" type="stmt"/>
        <line num="266" count="0" type="stmt"/>
        <line num="267" count="0" type="stmt"/>
        <line num="268" count="0" type="stmt"/>
        <line num="269" count="0" type="stmt"/>
        <line num="278" count="34" type="stmt"/>
      </file>
    </package>
  </project>
</coverage>
