{"/Users/joe/Downloads/cursed-dice/src/config/dev.ts": {"path":"/Users/joe/Downloads/cursed-dice/src/config/dev.ts","statementMap":{"0":{"start":{"line":6,"column":19},"end":{"line":12,"column":null}}},"fnMap":{},"branchMap":{},"s":{"0":2},"f":{},"b":{},"meta":{"lastBranch":0,"lastFunction":0,"lastStatement":1,"seen":{"s:6:19:12:Infinity":0}}}
,"/Users/joe/Downloads/cursed-dice/src/config/game-rules.ts": {"path":"/Users/joe/Downloads/cursed-dice/src/config/game-rules.ts","statementMap":{"0":{"start":{"line":10,"column":26},"end":{"line":20,"column":null}},"1":{"start":{"line":26,"column":23},"end":{"line":31,"column":null}}},"fnMap":{},"branchMap":{},"s":{"0":3,"1":3},"f":{},"b":{},"meta":{"lastBranch":0,"lastFunction":0,"lastStatement":2,"seen":{"s:10:26:20:Infinity":0,"s:26:23:31:Infinity":1}}}
,"/Users/joe/Downloads/cursed-dice/src/config/sizes.ts": {"path":"/Users/joe/Downloads/cursed-dice/src/config/sizes.ts","statementMap":{"0":{"start":{"line":10,"column":22},"end":{"line":13,"column":null}},"1":{"start":{"line":19,"column":21},"end":{"line":89,"column":null}},"2":{"start":{"line":95,"column":22},"end":{"line":119,"column":null}},"3":{"start":{"line":122,"column":20},"end":{"line":134,"column":null}}},"fnMap":{},"branchMap":{},"s":{"0":2,"1":2,"2":2,"3":2},"f":{},"b":{},"meta":{"lastBranch":0,"lastFunction":0,"lastStatement":4,"seen":{"s:10:22:13:Infinity":0,"s:19:21:89:Infinity":1,"s:95:22:119:Infinity":2,"s:122:20:134:Infinity":3}}}
,"/Users/joe/Downloads/cursed-dice/src/config/theme.ts": {"path":"/Users/joe/Downloads/cursed-dice/src/config/theme.ts","statementMap":{"0":{"start":{"line":19,"column":23},"end":{"line":109,"column":null}},"1":{"start":{"line":115,"column":22},"end":{"line":199,"column":null}},"2":{"start":{"line":205,"column":21},"end":{"line":226,"column":null}}},"fnMap":{},"branchMap":{},"s":{"0":2,"1":2,"2":2},"f":{},"b":{},"meta":{"lastBranch":0,"lastFunction":0,"lastStatement":3,"seen":{"s:19:23:109:Infinity":0,"s:115:22:199:Infinity":1,"s:205:21:226:Infinity":2}}}
,"/Users/joe/Downloads/cursed-dice/src/data/categories.ts": {"path":"/Users/joe/Downloads/cursed-dice/src/data/categories.ts","statementMap":{"0":{"start":{"line":50,"column":2},"end":{"line":50,"column":null}},"1":{"start":{"line":50,"column":28},"end":{"line":50,"column":39}},"2":{"start":{"line":50,"column":60},"end":{"line":50,"column":69}},"3":{"start":{"line":54,"column":17},"end":{"line":54,"column":null}},"4":{"start":{"line":55,"column":2},"end":{"line":57,"column":null}},"5":{"start":{"line":56,"column":4},"end":{"line":56,"column":null}},"6":{"start":{"line":58,"column":2},"end":{"line":58,"column":null}},"7":{"start":{"line":62,"column":17},"end":{"line":62,"column":null}},"8":{"start":{"line":63,"column":2},"end":{"line":63,"column":null}},"9":{"start":{"line":63,"column":53},"end":{"line":63,"column":63}},"10":{"start":{"line":67,"column":17},"end":{"line":67,"column":null}},"11":{"start":{"line":67,"column":51},"end":{"line":67,"column":56}},"12":{"start":{"line":68,"column":2},"end":{"line":68,"column":null}},"13":{"start":{"line":73,"column":17},"end":{"line":73,"column":null}},"14":{"start":{"line":73,"column":51},"end":{"line":73,"column":56}},"15":{"start":{"line":74,"column":2},"end":{"line":74,"column":null}},"16":{"start":{"line":78,"column":17},"end":{"line":78,"column":null}},"17":{"start":{"line":78,"column":69},"end":{"line":78,"column":74}},"18":{"start":{"line":79,"column":2},"end":{"line":79,"column":null}},"19":{"start":{"line":83,"column":17},"end":{"line":83,"column":null}},"20":{"start":{"line":83,"column":69},"end":{"line":83,"column":74}},"21":{"start":{"line":84,"column":2},"end":{"line":84,"column":null}},"22":{"start":{"line":88,"column":2},"end":{"line":88,"column":null}},"23":{"start":{"line":88,"column":33},"end":{"line":88,"column":42}},"24":{"start":{"line":95,"column":59},"end":{"line":144,"column":null}},"25":{"start":{"line":102,"column":25},"end":{"line":102,"column":null}},"26":{"start":{"line":110,"column":25},"end":{"line":110,"column":null}},"27":{"start":{"line":118,"column":25},"end":{"line":118,"column":null}},"28":{"start":{"line":126,"column":25},"end":{"line":126,"column":null}},"29":{"start":{"line":134,"column":25},"end":{"line":134,"column":null}},"30":{"start":{"line":142,"column":25},"end":{"line":142,"column":null}},"31":{"start":{"line":146,"column":59},"end":{"line":203,"column":null}},"32":{"start":{"line":153,"column":26},"end":{"line":153,"column":null}},"33":{"start":{"line":161,"column":26},"end":{"line":161,"column":null}},"34":{"start":{"line":169,"column":26},"end":{"line":169,"column":null}},"35":{"start":{"line":177,"column":26},"end":{"line":177,"column":null}},"36":{"start":{"line":185,"column":26},"end":{"line":185,"column":null}},"37":{"start":{"line":193,"column":26},"end":{"line":193,"column":null}},"38":{"start":{"line":205,"column":61},"end":{"line":238,"column":null}},"39":{"start":{"line":212,"column":26},"end":{"line":212,"column":null}},"40":{"start":{"line":220,"column":26},"end":{"line":220,"column":null}},"41":{"start":{"line":220,"column":44},"end":{"line":220,"column":55}},"42":{"start":{"line":228,"column":26},"end":{"line":228,"column":null}},"43":{"start":{"line":228,"column":44},"end":{"line":228,"column":55}},"44":{"start":{"line":236,"column":26},"end":{"line":236,"column":null}},"45":{"start":{"line":236,"column":44},"end":{"line":236,"column":50}},"46":{"start":{"line":241,"column":57},"end":{"line":245,"column":null}},"47":{"start":{"line":248,"column":58},"end":{"line":251,"column":null}},"48":{"start":{"line":257,"column":20},"end":{"line":259,"column":null}},"49":{"start":{"line":258,"column":28},"end":{"line":258,"column":37}},"50":{"start":{"line":262,"column":17},"end":{"line":262,"column":null}},"51":{"start":{"line":263,"column":2},"end":{"line":263,"column":null}},"52":{"start":{"line":263,"column":15},"end":{"line":263,"column":null}},"53":{"start":{"line":264,"column":2},"end":{"line":264,"column":null}},"54":{"start":{"line":268,"column":2},"end":{"line":268,"column":null}},"55":{"start":{"line":272,"column":2},"end":{"line":272,"column":null}},"56":{"start":{"line":276,"column":2},"end":{"line":276,"column":null}},"57":{"start":{"line":280,"column":2},"end":{"line":280,"column":null}},"58":{"start":{"line":280,"column":38},"end":{"line":280,"column":59}},"59":{"start":{"line":284,"column":2},"end":{"line":284,"column":null}},"60":{"start":{"line":284,"column":37},"end":{"line":284,"column":41}},"61":{"start":{"line":288,"column":2},"end":{"line":288,"column":null}},"62":{"start":{"line":288,"column":37},"end":{"line":288,"column":41}},"63":{"start":{"line":292,"column":2},"end":{"line":292,"column":null}},"64":{"start":{"line":292,"column":39},"end":{"line":292,"column":43}},"65":{"start":{"line":296,"column":2},"end":{"line":296,"column":null}},"66":{"start":{"line":296,"column":36},"end":{"line":296,"column":40}}},"fnMap":{"0":{"name":"sumOfValue","decl":{"start":{"line":49,"column":9},"end":{"line":49,"column":20}},"loc":{"start":{"line":49,"column":59},"end":{"line":51,"column":null}},"line":49},"1":{"name":"(anonymous_1)","decl":{"start":{"line":50,"column":21},"end":{"line":50,"column":22}},"loc":{"start":{"line":50,"column":28},"end":{"line":50,"column":39}},"line":50},"2":{"name":"(anonymous_2)","decl":{"start":{"line":50,"column":48},"end":{"line":50,"column":49}},"loc":{"start":{"line":50,"column":60},"end":{"line":50,"column":69}},"line":50},"3":{"name":"getCounts","decl":{"start":{"line":53,"column":9},"end":{"line":53,"column":19}},"loc":{"start":{"line":53,"column":56},"end":{"line":59,"column":null}},"line":53},"4":{"name":"hasNOfAKind","decl":{"start":{"line":61,"column":9},"end":{"line":61,"column":21}},"loc":{"start":{"line":61,"column":57},"end":{"line":64,"column":null}},"line":61},"5":{"name":"(anonymous_5)","decl":{"start":{"line":63,"column":42},"end":{"line":63,"column":43}},"loc":{"start":{"line":63,"column":53},"end":{"line":63,"column":63}},"line":63},"6":{"name":"hasSmallStraight","decl":{"start":{"line":66,"column":9},"end":{"line":66,"column":26}},"loc":{"start":{"line":66,"column":51},"end":{"line":69,"column":null}},"line":66},"7":{"name":"(anonymous_7)","decl":{"start":{"line":67,"column":41},"end":{"line":67,"column":42}},"loc":{"start":{"line":67,"column":51},"end":{"line":67,"column":56}},"line":67},"8":{"name":"hasLargeStraight","decl":{"start":{"line":71,"column":9},"end":{"line":71,"column":26}},"loc":{"start":{"line":71,"column":51},"end":{"line":75,"column":null}},"line":71},"9":{"name":"(anonymous_9)","decl":{"start":{"line":73,"column":41},"end":{"line":73,"column":42}},"loc":{"start":{"line":73,"column":51},"end":{"line":73,"column":56}},"line":73},"10":{"name":"hasFullHouse","decl":{"start":{"line":77,"column":9},"end":{"line":77,"column":22}},"loc":{"start":{"line":77,"column":47},"end":{"line":80,"column":null}},"line":77},"11":{"name":"(anonymous_11)","decl":{"start":{"line":78,"column":59},"end":{"line":78,"column":60}},"loc":{"start":{"line":78,"column":69},"end":{"line":78,"column":74}},"line":78},"12":{"name":"hasTwoPair","decl":{"start":{"line":82,"column":9},"end":{"line":82,"column":20}},"loc":{"start":{"line":82,"column":45},"end":{"line":85,"column":null}},"line":82},"13":{"name":"(anonymous_13)","decl":{"start":{"line":83,"column":59},"end":{"line":83,"column":60}},"loc":{"start":{"line":83,"column":69},"end":{"line":83,"column":74}},"line":83},"14":{"name":"sumAll","decl":{"start":{"line":87,"column":9},"end":{"line":87,"column":16}},"loc":{"start":{"line":87,"column":40},"end":{"line":89,"column":null}},"line":87},"15":{"name":"(anonymous_15)","decl":{"start":{"line":88,"column":21},"end":{"line":88,"column":22}},"loc":{"start":{"line":88,"column":33},"end":{"line":88,"column":42}},"line":88},"16":{"name":"(anonymous_16)","decl":{"start":{"line":102,"column":15},"end":{"line":102,"column":16}},"loc":{"start":{"line":102,"column":25},"end":{"line":102,"column":null}},"line":102},"17":{"name":"(anonymous_17)","decl":{"start":{"line":110,"column":15},"end":{"line":110,"column":16}},"loc":{"start":{"line":110,"column":25},"end":{"line":110,"column":null}},"line":110},"18":{"name":"(anonymous_18)","decl":{"start":{"line":118,"column":15},"end":{"line":118,"column":16}},"loc":{"start":{"line":118,"column":25},"end":{"line":118,"column":null}},"line":118},"19":{"name":"(anonymous_19)","decl":{"start":{"line":126,"column":15},"end":{"line":126,"column":16}},"loc":{"start":{"line":126,"column":25},"end":{"line":126,"column":null}},"line":126},"20":{"name":"(anonymous_20)","decl":{"start":{"line":134,"column":15},"end":{"line":134,"column":16}},"loc":{"start":{"line":134,"column":25},"end":{"line":134,"column":null}},"line":134},"21":{"name":"(anonymous_21)","decl":{"start":{"line":142,"column":15},"end":{"line":142,"column":16}},"loc":{"start":{"line":142,"column":25},"end":{"line":142,"column":null}},"line":142},"22":{"name":"(anonymous_22)","decl":{"start":{"line":153,"column":15},"end":{"line":153,"column":16}},"loc":{"start":{"line":153,"column":26},"end":{"line":153,"column":null}},"line":153},"23":{"name":"(anonymous_23)","decl":{"start":{"line":161,"column":15},"end":{"line":161,"column":16}},"loc":{"start":{"line":161,"column":26},"end":{"line":161,"column":null}},"line":161},"24":{"name":"(anonymous_24)","decl":{"start":{"line":169,"column":15},"end":{"line":169,"column":16}},"loc":{"start":{"line":169,"column":26},"end":{"line":169,"column":null}},"line":169},"25":{"name":"(anonymous_25)","decl":{"start":{"line":177,"column":15},"end":{"line":177,"column":16}},"loc":{"start":{"line":177,"column":26},"end":{"line":177,"column":null}},"line":177},"26":{"name":"(anonymous_26)","decl":{"start":{"line":185,"column":15},"end":{"line":185,"column":16}},"loc":{"start":{"line":185,"column":26},"end":{"line":185,"column":null}},"line":185},"27":{"name":"(anonymous_27)","decl":{"start":{"line":193,"column":15},"end":{"line":193,"column":16}},"loc":{"start":{"line":193,"column":26},"end":{"line":193,"column":null}},"line":193},"28":{"name":"(anonymous_28)","decl":{"start":{"line":212,"column":15},"end":{"line":212,"column":16}},"loc":{"start":{"line":212,"column":26},"end":{"line":212,"column":null}},"line":212},"29":{"name":"(anonymous_29)","decl":{"start":{"line":220,"column":15},"end":{"line":220,"column":16}},"loc":{"start":{"line":220,"column":26},"end":{"line":220,"column":null}},"line":220},"30":{"name":"(anonymous_30)","decl":{"start":{"line":220,"column":37},"end":{"line":220,"column":38}},"loc":{"start":{"line":220,"column":44},"end":{"line":220,"column":55}},"line":220},"31":{"name":"(anonymous_31)","decl":{"start":{"line":228,"column":15},"end":{"line":228,"column":16}},"loc":{"start":{"line":228,"column":26},"end":{"line":228,"column":null}},"line":228},"32":{"name":"(anonymous_32)","decl":{"start":{"line":228,"column":37},"end":{"line":228,"column":38}},"loc":{"start":{"line":228,"column":44},"end":{"line":228,"column":55}},"line":228},"33":{"name":"(anonymous_33)","decl":{"start":{"line":236,"column":15},"end":{"line":236,"column":16}},"loc":{"start":{"line":236,"column":26},"end":{"line":236,"column":null}},"line":236},"34":{"name":"(anonymous_34)","decl":{"start":{"line":236,"column":37},"end":{"line":236,"column":38}},"loc":{"start":{"line":236,"column":44},"end":{"line":236,"column":50}},"line":236},"35":{"name":"(anonymous_35)","decl":{"start":{"line":258,"column":21},"end":{"line":258,"column":22}},"loc":{"start":{"line":258,"column":28},"end":{"line":258,"column":37}},"line":258},"36":{"name":"getCategoryConfig","decl":{"start":{"line":261,"column":16},"end":{"line":261,"column":34}},"loc":{"start":{"line":261,"column":66},"end":{"line":265,"column":null}},"line":261},"37":{"name":"getCategoryName","decl":{"start":{"line":267,"column":16},"end":{"line":267,"column":32}},"loc":{"start":{"line":267,"column":56},"end":{"line":269,"column":null}},"line":267},"38":{"name":"getCategoryShortName","decl":{"start":{"line":271,"column":16},"end":{"line":271,"column":37}},"loc":{"start":{"line":271,"column":61},"end":{"line":273,"column":null}},"line":271},"39":{"name":"calculateScore","decl":{"start":{"line":275,"column":16},"end":{"line":275,"column":31}},"loc":{"start":{"line":275,"column":71},"end":{"line":277,"column":null}},"line":275},"40":{"name":"getCategoriesBySection","decl":{"start":{"line":279,"column":16},"end":{"line":279,"column":39}},"loc":{"start":{"line":279,"column":83},"end":{"line":281,"column":null}},"line":279},"41":{"name":"(anonymous_41)","decl":{"start":{"line":280,"column":31},"end":{"line":280,"column":32}},"loc":{"start":{"line":280,"column":38},"end":{"line":280,"column":59}},"line":280},"42":{"name":"getUpperCategoryIds","decl":{"start":{"line":283,"column":16},"end":{"line":283,"column":52}},"loc":{"start":{"line":283,"column":52},"end":{"line":285,"column":null}},"line":283},"43":{"name":"(anonymous_43)","decl":{"start":{"line":284,"column":30},"end":{"line":284,"column":31}},"loc":{"start":{"line":284,"column":37},"end":{"line":284,"column":41}},"line":284},"44":{"name":"getLowerCategoryIds","decl":{"start":{"line":287,"column":16},"end":{"line":287,"column":52}},"loc":{"start":{"line":287,"column":52},"end":{"line":289,"column":null}},"line":287},"45":{"name":"(anonymous_45)","decl":{"start":{"line":288,"column":30},"end":{"line":288,"column":31}},"loc":{"start":{"line":288,"column":37},"end":{"line":288,"column":41}},"line":288},"46":{"name":"getSpecialCategoryIds","decl":{"start":{"line":291,"column":16},"end":{"line":291,"column":54}},"loc":{"start":{"line":291,"column":54},"end":{"line":293,"column":null}},"line":291},"47":{"name":"(anonymous_47)","decl":{"start":{"line":292,"column":32},"end":{"line":292,"column":33}},"loc":{"start":{"line":292,"column":39},"end":{"line":292,"column":43}},"line":292},"48":{"name":"getBaseCategoryIds","decl":{"start":{"line":295,"column":16},"end":{"line":295,"column":51}},"loc":{"start":{"line":295,"column":51},"end":{"line":297,"column":null}},"line":295},"49":{"name":"(anonymous_49)","decl":{"start":{"line":296,"column":29},"end":{"line":296,"column":30}},"loc":{"start":{"line":296,"column":36},"end":{"line":296,"column":40}},"line":296}},"branchMap":{"0":{"loc":{"start":{"line":56,"column":19},"end":{"line":56,"column":41}},"type":"binary-expr","locations":[{"start":{"line":56,"column":19},"end":{"line":56,"column":36}},{"start":{"line":56,"column":36},"end":{"line":56,"column":41}}],"line":56},"1":{"loc":{"start":{"line":68,"column":9},"end":{"line":68,"column":null}},"type":"binary-expr","locations":[{"start":{"line":68,"column":9},"end":{"line":68,"column":36}},{"start":{"line":68,"column":36},"end":{"line":68,"column":63}},{"start":{"line":68,"column":63},"end":{"line":68,"column":null}}],"line":68},"2":{"loc":{"start":{"line":74,"column":9},"end":{"line":74,"column":null}},"type":"binary-expr","locations":[{"start":{"line":74,"column":9},"end":{"line":74,"column":31}},{"start":{"line":74,"column":31},"end":{"line":74,"column":null}}],"line":74},"3":{"loc":{"start":{"line":79,"column":9},"end":{"line":79,"column":null}},"type":"binary-expr","locations":[{"start":{"line":79,"column":9},"end":{"line":79,"column":28}},{"start":{"line":79,"column":28},"end":{"line":79,"column":null}}],"line":79},"4":{"loc":{"start":{"line":84,"column":9},"end":{"line":84,"column":null}},"type":"binary-expr","locations":[{"start":{"line":84,"column":9},"end":{"line":84,"column":27}},{"start":{"line":84,"column":27},"end":{"line":84,"column":null}}],"line":84},"5":{"loc":{"start":{"line":153,"column":26},"end":{"line":153,"column":null}},"type":"cond-expr","locations":[{"start":{"line":153,"column":49},"end":{"line":153,"column":64}},{"start":{"line":153,"column":64},"end":{"line":153,"column":null}}],"line":153},"6":{"loc":{"start":{"line":161,"column":26},"end":{"line":161,"column":null}},"type":"cond-expr","locations":[{"start":{"line":161,"column":49},"end":{"line":161,"column":64}},{"start":{"line":161,"column":64},"end":{"line":161,"column":null}}],"line":161},"7":{"loc":{"start":{"line":169,"column":26},"end":{"line":169,"column":null}},"type":"cond-expr","locations":[{"start":{"line":169,"column":47},"end":{"line":169,"column":68}},{"start":{"line":169,"column":68},"end":{"line":169,"column":null}}],"line":169},"8":{"loc":{"start":{"line":177,"column":26},"end":{"line":177,"column":null}},"type":"cond-expr","locations":[{"start":{"line":177,"column":51},"end":{"line":177,"column":76}},{"start":{"line":177,"column":76},"end":{"line":177,"column":null}}],"line":177},"9":{"loc":{"start":{"line":185,"column":26},"end":{"line":185,"column":null}},"type":"cond-expr","locations":[{"start":{"line":185,"column":51},"end":{"line":185,"column":76}},{"start":{"line":185,"column":76},"end":{"line":185,"column":null}}],"line":185},"10":{"loc":{"start":{"line":193,"column":26},"end":{"line":193,"column":null}},"type":"cond-expr","locations":[{"start":{"line":193,"column":49},"end":{"line":193,"column":69}},{"start":{"line":193,"column":69},"end":{"line":193,"column":null}}],"line":193},"11":{"loc":{"start":{"line":212,"column":26},"end":{"line":212,"column":null}},"type":"cond-expr","locations":[{"start":{"line":212,"column":45},"end":{"line":212,"column":60}},{"start":{"line":212,"column":60},"end":{"line":212,"column":null}}],"line":212},"12":{"loc":{"start":{"line":220,"column":26},"end":{"line":220,"column":null}},"type":"cond-expr","locations":[{"start":{"line":220,"column":59},"end":{"line":220,"column":74}},{"start":{"line":220,"column":74},"end":{"line":220,"column":null}}],"line":220},"13":{"loc":{"start":{"line":228,"column":26},"end":{"line":228,"column":null}},"type":"cond-expr","locations":[{"start":{"line":228,"column":59},"end":{"line":228,"column":74}},{"start":{"line":228,"column":74},"end":{"line":228,"column":null}}],"line":228},"14":{"loc":{"start":{"line":236,"column":26},"end":{"line":236,"column":null}},"type":"cond-expr","locations":[{"start":{"line":236,"column":54},"end":{"line":236,"column":69}},{"start":{"line":236,"column":69},"end":{"line":236,"column":null}}],"line":236},"15":{"loc":{"start":{"line":263,"column":2},"end":{"line":263,"column":null}},"type":"if","locations":[{"start":{"line":263,"column":2},"end":{"line":263,"column":null}},{"start":{},"end":{}}],"line":263}},"s":{"0":7,"1":35,"2":20,"3":19,"4":19,"5":95,"6":19,"7":11,"8":11,"9":18,"10":5,"11":25,"12":5,"13":5,"14":20,"15":5,"16":4,"17":5,"18":4,"19":4,"20":7,"21":4,"22":14,"23":70,"24":1,"25":2,"26":1,"27":1,"28":1,"29":1,"30":1,"31":1,"32":4,"33":3,"34":4,"35":5,"36":5,"37":4,"38":1,"39":4,"40":2,"41":7,"42":2,"43":7,"44":3,"45":11,"46":1,"47":1,"48":1,"49":17,"50":46,"51":46,"52":0,"53":46,"54":0,"55":0,"56":46,"57":0,"58":0,"59":0,"60":0,"61":0,"62":0,"63":0,"64":0,"65":0,"66":0},"f":{"0":7,"1":35,"2":20,"3":19,"4":11,"5":18,"6":5,"7":25,"8":5,"9":20,"10":4,"11":5,"12":4,"13":7,"14":14,"15":70,"16":2,"17":1,"18":1,"19":1,"20":1,"21":1,"22":4,"23":3,"24":4,"25":5,"26":5,"27":4,"28":4,"29":2,"30":7,"31":2,"32":7,"33":3,"34":11,"35":17,"36":46,"37":0,"38":0,"39":46,"40":0,"41":0,"42":0,"43":0,"44":0,"45":0,"46":0,"47":0,"48":0,"49":0},"b":{"0":[95,42],"1":[5,2,2],"2":[5,3],"3":[4,2],"4":[4,4],"5":[3,1],"6":[2,1],"7":[1,3],"8":[4,1],"9":[4,1],"10":[3,1],"11":[2,2],"12":[1,1],"13":[1,1],"14":[2,1],"15":[0,46]},"meta":{"lastBranch":16,"lastFunction":50,"lastStatement":67,"seen":{"f:49:9:49:20":0,"s:50:2:50:Infinity":0,"f:50:21:50:22":1,"s:50:28:50:39":1,"f:50:48:50:49":2,"s:50:60:50:69":2,"f:53:9:53:19":3,"s:54:17:54:Infinity":3,"s:55:2:57:Infinity":4,"s:56:4:56:Infinity":5,"b:56:19:56:36:56:36:56:41":0,"s:58:2:58:Infinity":6,"f:61:9:61:21":4,"s:62:17:62:Infinity":7,"s:63:2:63:Infinity":8,"f:63:42:63:43":5,"s:63:53:63:63":9,"f:66:9:66:26":6,"s:67:17:67:Infinity":10,"f:67:41:67:42":7,"s:67:51:67:56":11,"s:68:2:68:Infinity":12,"b:68:9:68:36:68:36:68:63:68:63:68:Infinity":1,"f:71:9:71:26":8,"s:73:17:73:Infinity":13,"f:73:41:73:42":9,"s:73:51:73:56":14,"s:74:2:74:Infinity":15,"b:74:9:74:31:74:31:74:Infinity":2,"f:77:9:77:22":10,"s:78:17:78:Infinity":16,"f:78:59:78:60":11,"s:78:69:78:74":17,"s:79:2:79:Infinity":18,"b:79:9:79:28:79:28:79:Infinity":3,"f:82:9:82:20":12,"s:83:17:83:Infinity":19,"f:83:59:83:60":13,"s:83:69:83:74":20,"s:84:2:84:Infinity":21,"b:84:9:84:27:84:27:84:Infinity":4,"f:87:9:87:16":14,"s:88:2:88:Infinity":22,"f:88:21:88:22":15,"s:88:33:88:42":23,"s:95:59:144:Infinity":24,"f:102:15:102:16":16,"s:102:25:102:Infinity":25,"f:110:15:110:16":17,"s:110:25:110:Infinity":26,"f:118:15:118:16":18,"s:118:25:118:Infinity":27,"f:126:15:126:16":19,"s:126:25:126:Infinity":28,"f:134:15:134:16":20,"s:134:25:134:Infinity":29,"f:142:15:142:16":21,"s:142:25:142:Infinity":30,"s:146:59:203:Infinity":31,"f:153:15:153:16":22,"s:153:26:153:Infinity":32,"b:153:49:153:64:153:64:153:Infinity":5,"f:161:15:161:16":23,"s:161:26:161:Infinity":33,"b:161:49:161:64:161:64:161:Infinity":6,"f:169:15:169:16":24,"s:169:26:169:Infinity":34,"b:169:47:169:68:169:68:169:Infinity":7,"f:177:15:177:16":25,"s:177:26:177:Infinity":35,"b:177:51:177:76:177:76:177:Infinity":8,"f:185:15:185:16":26,"s:185:26:185:Infinity":36,"b:185:51:185:76:185:76:185:Infinity":9,"f:193:15:193:16":27,"s:193:26:193:Infinity":37,"b:193:49:193:69:193:69:193:Infinity":10,"s:205:61:238:Infinity":38,"f:212:15:212:16":28,"s:212:26:212:Infinity":39,"b:212:45:212:60:212:60:212:Infinity":11,"f:220:15:220:16":29,"s:220:26:220:Infinity":40,"b:220:59:220:74:220:74:220:Infinity":12,"f:220:37:220:38":30,"s:220:44:220:55":41,"f:228:15:228:16":31,"s:228:26:228:Infinity":42,"b:228:59:228:74:228:74:228:Infinity":13,"f:228:37:228:38":32,"s:228:44:228:55":43,"f:236:15:236:16":33,"s:236:26:236:Infinity":44,"b:236:54:236:69:236:69:236:Infinity":14,"f:236:37:236:38":34,"s:236:44:236:50":45,"s:241:57:245:Infinity":46,"s:248:58:251:Infinity":47,"s:257:20:259:Infinity":48,"f:258:21:258:22":35,"s:258:28:258:37":49,"f:261:16:261:34":36,"s:262:17:262:Infinity":50,"b:263:2:263:Infinity:undefined:undefined:undefined:undefined":15,"s:263:2:263:Infinity":51,"s:263:15:263:Infinity":52,"s:264:2:264:Infinity":53,"f:267:16:267:32":37,"s:268:2:268:Infinity":54,"f:271:16:271:37":38,"s:272:2:272:Infinity":55,"f:275:16:275:31":39,"s:276:2:276:Infinity":56,"f:279:16:279:39":40,"s:280:2:280:Infinity":57,"f:280:31:280:32":41,"s:280:38:280:59":58,"f:283:16:283:52":42,"s:284:2:284:Infinity":59,"f:284:30:284:31":43,"s:284:37:284:41":60,"f:287:16:287:52":44,"s:288:2:288:Infinity":61,"f:288:30:288:31":45,"s:288:37:288:41":62,"f:291:16:291:54":46,"s:292:2:292:Infinity":63,"f:292:32:292:33":47,"s:292:39:292:43":64,"f:295:16:295:51":48,"s:296:2:296:Infinity":65,"f:296:29:296:30":49,"s:296:36:296:40":66}}}
,"/Users/joe/Downloads/cursed-dice/src/data/difficulties.ts": {"path":"/Users/joe/Downloads/cursed-dice/src/data/difficulties.ts","statementMap":{"0":{"start":{"line":21,"column":66},"end":{"line":52,"column":null}},"1":{"start":{"line":54,"column":54},"end":{"line":54,"column":null}},"2":{"start":{"line":57,"column":2},"end":{"line":57,"column":null}},"3":{"start":{"line":61,"column":2},"end":{"line":61,"column":null}},"4":{"start":{"line":65,"column":2},"end":{"line":65,"column":null}}},"fnMap":{"0":{"name":"getDifficultyConfig","decl":{"start":{"line":56,"column":16},"end":{"line":56,"column":36}},"loc":{"start":{"line":56,"column":71},"end":{"line":58,"column":null}},"line":56},"1":{"name":"getDifficultyTime","decl":{"start":{"line":60,"column":16},"end":{"line":60,"column":34}},"loc":{"start":{"line":60,"column":59},"end":{"line":62,"column":null}},"line":60},"2":{"name":"getDifficultyLabel","decl":{"start":{"line":64,"column":16},"end":{"line":64,"column":35}},"loc":{"start":{"line":64,"column":60},"end":{"line":66,"column":null}},"line":64}},"branchMap":{},"s":{"0":2,"1":2,"2":0,"3":0,"4":0},"f":{"0":0,"1":0,"2":0},"b":{},"meta":{"lastBranch":0,"lastFunction":3,"lastStatement":5,"seen":{"s:21:66:52:Infinity":0,"s:54:54:54:Infinity":1,"f:56:16:56:36":0,"s:57:2:57:Infinity":2,"f:60:16:60:34":1,"s:61:2:61:Infinity":3,"f:64:16:64:35":2,"s:65:2:65:Infinity":4}}}
,"/Users/joe/Downloads/cursed-dice/src/systems/logger.ts": {"path":"/Users/joe/Downloads/cursed-dice/src/systems/logger.ts","statementMap":{"0":{"start":{"line":17,"column":2},"end":{"line":22,"column":null}},"1":{"start":{"line":18,"column":33},"end":{"line":18,"column":null}},"2":{"start":{"line":19,"column":34},"end":{"line":19,"column":null}},"3":{"start":{"line":20,"column":35},"end":{"line":20,"column":null}},"4":{"start":{"line":21,"column":35},"end":{"line":21,"column":null}},"5":{"start":{"line":31,"column":2},"end":{"line":34,"column":null}},"6":{"start":{"line":32,"column":4},"end":{"line":32,"column":null}},"7":{"start":{"line":33,"column":4},"end":{"line":33,"column":null}},"8":{"start":{"line":37,"column":2},"end":{"line":37,"column":null}},"9":{"start":{"line":37,"column":27},"end":{"line":37,"column":null}},"10":{"start":{"line":39,"column":26},"end":{"line":39,"column":null}},"11":{"start":{"line":41,"column":2},"end":{"line":50,"column":null}},"12":{"start":{"line":43,"column":6},"end":{"line":43,"column":null}},"13":{"start":{"line":44,"column":6},"end":{"line":44,"column":null}},"14":{"start":{"line":46,"column":6},"end":{"line":46,"column":null}},"15":{"start":{"line":47,"column":6},"end":{"line":47,"column":null}},"16":{"start":{"line":49,"column":6},"end":{"line":49,"column":null}},"17":{"start":{"line":58,"column":2},"end":{"line":60,"column":null}},"18":{"start":{"line":59,"column":4},"end":{"line":59,"column":null}},"19":{"start":{"line":68,"column":2},"end":{"line":70,"column":null}},"20":{"start":{"line":69,"column":4},"end":{"line":69,"column":null}}},"fnMap":{"0":{"name":"createLogger","decl":{"start":{"line":16,"column":16},"end":{"line":16,"column":29}},"loc":{"start":{"line":16,"column":45},"end":{"line":23,"column":null}},"line":16},"1":{"name":"(anonymous_1)","decl":{"start":{"line":18,"column":9},"end":{"line":18,"column":13}},"loc":{"start":{"line":18,"column":33},"end":{"line":18,"column":null}},"line":18},"2":{"name":"(anonymous_2)","decl":{"start":{"line":19,"column":10},"end":{"line":19,"column":14}},"loc":{"start":{"line":19,"column":34},"end":{"line":19,"column":null}},"line":19},"3":{"name":"(anonymous_3)","decl":{"start":{"line":20,"column":11},"end":{"line":20,"column":15}},"loc":{"start":{"line":20,"column":35},"end":{"line":20,"column":null}},"line":20},"4":{"name":"(anonymous_4)","decl":{"start":{"line":21,"column":11},"end":{"line":21,"column":15}},"loc":{"start":{"line":21,"column":35},"end":{"line":21,"column":null}},"line":21},"5":{"name":"log","decl":{"start":{"line":29,"column":9},"end":{"line":29,"column":13}},"loc":{"start":{"line":29,"column":72},"end":{"line":51,"column":null}},"line":29},"6":{"name":"devLog","decl":{"start":{"line":57,"column":16},"end":{"line":57,"column":26}},"loc":{"start":{"line":57,"column":49},"end":{"line":61,"column":null}},"line":57},"7":{"name":"devWarn","decl":{"start":{"line":67,"column":16},"end":{"line":67,"column":27}},"loc":{"start":{"line":67,"column":50},"end":{"line":71,"column":null}},"line":67}},"branchMap":{"0":{"loc":{"start":{"line":31,"column":2},"end":{"line":34,"column":null}},"type":"if","locations":[{"start":{"line":31,"column":2},"end":{"line":34,"column":null}},{"start":{},"end":{}}],"line":31},"1":{"loc":{"start":{"line":37,"column":2},"end":{"line":37,"column":null}},"type":"if","locations":[{"start":{"line":37,"column":2},"end":{"line":37,"column":null}},{"start":{},"end":{}}],"line":37},"2":{"loc":{"start":{"line":41,"column":2},"end":{"line":50,"column":null}},"type":"switch","locations":[{"start":{"line":42,"column":4},"end":{"line":44,"column":null}},{"start":{"line":45,"column":4},"end":{"line":47,"column":null}},{"start":{"line":48,"column":4},"end":{"line":49,"column":null}}],"line":41},"3":{"loc":{"start":{"line":58,"column":2},"end":{"line":60,"column":null}},"type":"if","locations":[{"start":{"line":58,"column":2},"end":{"line":60,"column":null}},{"start":{},"end":{}}],"line":58},"4":{"loc":{"start":{"line":68,"column":2},"end":{"line":70,"column":null}},"type":"if","locations":[{"start":{"line":68,"column":2},"end":{"line":70,"column":null}},{"start":{},"end":{}}],"line":68}},"s":{"0":2,"1":130,"2":12,"3":0,"4":1,"5":143,"6":0,"7":0,"8":143,"9":0,"10":143,"11":143,"12":12,"13":12,"14":1,"15":1,"16":130,"17":0,"18":0,"19":0,"20":0},"f":{"0":2,"1":130,"2":12,"3":0,"4":1,"5":143,"6":0,"7":0},"b":{"0":[0,143],"1":[0,143],"2":[12,1,130],"3":[0,0],"4":[0,0]},"meta":{"lastBranch":5,"lastFunction":8,"lastStatement":21,"seen":{"f:16:16:16:29":0,"s:17:2:22:Infinity":0,"f:18:9:18:13":1,"s:18:33:18:Infinity":1,"f:19:10:19:14":2,"s:19:34:19:Infinity":2,"f:20:11:20:15":3,"s:20:35:20:Infinity":3,"f:21:11:21:15":4,"s:21:35:21:Infinity":4,"f:29:9:29:13":5,"b:31:2:34:Infinity:undefined:undefined:undefined:undefined":0,"s:31:2:34:Infinity":5,"s:32:4:32:Infinity":6,"s:33:4:33:Infinity":7,"b:37:2:37:Infinity:undefined:undefined:undefined:undefined":1,"s:37:2:37:Infinity":8,"s:37:27:37:Infinity":9,"s:39:26:39:Infinity":10,"b:42:4:44:Infinity:45:4:47:Infinity:48:4:49:Infinity":2,"s:41:2:50:Infinity":11,"s:43:6:43:Infinity":12,"s:44:6:44:Infinity":13,"s:46:6:46:Infinity":14,"s:47:6:47:Infinity":15,"s:49:6:49:Infinity":16,"f:57:16:57:26":6,"b:58:2:60:Infinity:undefined:undefined:undefined:undefined":3,"s:58:2:60:Infinity":17,"s:59:4:59:Infinity":18,"f:67:16:67:27":7,"b:68:2:70:Infinity:undefined:undefined:undefined:undefined":4,"s:68:2:70:Infinity":19,"s:69:4:69:Infinity":20}}}
,"/Users/joe/Downloads/cursed-dice/src/systems/scorecard.ts": {"path":"/Users/joe/Downloads/cursed-dice/src/systems/scorecard.ts","statementMap":{"0":{"start":{"line":10,"column":6},"end":{"line":10,"column":null}},"1":{"start":{"line":50,"column":38},"end":{"line":50,"column":null}},"2":{"start":{"line":56,"column":2},"end":{"line":56,"column":null}},"3":{"start":{"line":56,"column":28},"end":{"line":56,"column":39}},"4":{"start":{"line":56,"column":60},"end":{"line":56,"column":69}},"5":{"start":{"line":63,"column":17},"end":{"line":63,"column":null}},"6":{"start":{"line":64,"column":2},"end":{"line":66,"column":null}},"7":{"start":{"line":65,"column":4},"end":{"line":65,"column":null}},"8":{"start":{"line":67,"column":2},"end":{"line":67,"column":null}},"9":{"start":{"line":74,"column":17},"end":{"line":74,"column":null}},"10":{"start":{"line":75,"column":2},"end":{"line":75,"column":null}},"11":{"start":{"line":75,"column":53},"end":{"line":75,"column":63}},"12":{"start":{"line":82,"column":17},"end":{"line":82,"column":null}},"13":{"start":{"line":82,"column":51},"end":{"line":82,"column":56}},"14":{"start":{"line":83,"column":2},"end":{"line":83,"column":null}},"15":{"start":{"line":90,"column":17},"end":{"line":90,"column":null}},"16":{"start":{"line":90,"column":42},"end":{"line":90,"column":47}},"17":{"start":{"line":91,"column":2},"end":{"line":91,"column":null}},"18":{"start":{"line":98,"column":17},"end":{"line":98,"column":null}},"19":{"start":{"line":98,"column":69},"end":{"line":98,"column":74}},"20":{"start":{"line":99,"column":2},"end":{"line":99,"column":null}},"21":{"start":{"line":106,"column":2},"end":{"line":106,"column":null}},"22":{"start":{"line":106,"column":33},"end":{"line":106,"column":42}},"23":{"start":{"line":115,"column":2},"end":{"line":115,"column":null}},"24":{"start":{"line":115,"column":25},"end":{"line":115,"column":null}},"25":{"start":{"line":117,"column":30},"end":{"line":117,"column":null}},"26":{"start":{"line":118,"column":2},"end":{"line":122,"column":null}},"27":{"start":{"line":118,"column":15},"end":{"line":118,"column":18}},"28":{"start":{"line":120,"column":19},"end":{"line":120,"column":null}},"29":{"start":{"line":121,"column":4},"end":{"line":121,"column":null}},"30":{"start":{"line":123,"column":2},"end":{"line":123,"column":null}},"31":{"start":{"line":131,"column":18},"end":{"line":131,"column":null}},"32":{"start":{"line":132,"column":18},"end":{"line":132,"column":null}},"33":{"start":{"line":133,"column":19},"end":{"line":133,"column":null}},"34":{"start":{"line":135,"column":2},"end":{"line":141,"column":null}},"35":{"start":{"line":136,"column":18},"end":{"line":136,"column":null}},"36":{"start":{"line":137,"column":4},"end":{"line":140,"column":null}},"37":{"start":{"line":138,"column":6},"end":{"line":138,"column":null}},"38":{"start":{"line":139,"column":6},"end":{"line":139,"column":null}},"39":{"start":{"line":143,"column":2},"end":{"line":143,"column":null}},"40":{"start":{"line":155,"column":17},"end":{"line":155,"column":null}},"41":{"start":{"line":155,"column":69},"end":{"line":155,"column":74}},"42":{"start":{"line":157,"column":20},"end":{"line":157,"column":null}},"43":{"start":{"line":157,"column":41},"end":{"line":157,"column":47}},"44":{"start":{"line":158,"column":2},"end":{"line":158,"column":null}},"45":{"start":{"line":165,"column":2},"end":{"line":165,"column":null}},"46":{"start":{"line":165,"column":27},"end":{"line":165,"column":38}},"47":{"start":{"line":172,"column":2},"end":{"line":172,"column":null}},"48":{"start":{"line":172,"column":27},"end":{"line":172,"column":38}},"49":{"start":{"line":179,"column":2},"end":{"line":179,"column":null}},"50":{"start":{"line":179,"column":27},"end":{"line":179,"column":33}},"51":{"start":{"line":186,"column":21},"end":{"line":186,"column":null}},"52":{"start":{"line":189,"column":2},"end":{"line":196,"column":null}},"53":{"start":{"line":195,"column":25},"end":{"line":195,"column":null}},"54":{"start":{"line":198,"column":2},"end":{"line":205,"column":null}},"55":{"start":{"line":204,"column":25},"end":{"line":204,"column":null}},"56":{"start":{"line":207,"column":2},"end":{"line":214,"column":null}},"57":{"start":{"line":213,"column":25},"end":{"line":213,"column":null}},"58":{"start":{"line":216,"column":2},"end":{"line":223,"column":null}},"59":{"start":{"line":222,"column":25},"end":{"line":222,"column":null}},"60":{"start":{"line":225,"column":2},"end":{"line":232,"column":null}},"61":{"start":{"line":231,"column":25},"end":{"line":231,"column":null}},"62":{"start":{"line":234,"column":2},"end":{"line":241,"column":null}},"63":{"start":{"line":240,"column":25},"end":{"line":240,"column":null}},"64":{"start":{"line":244,"column":2},"end":{"line":251,"column":null}},"65":{"start":{"line":250,"column":26},"end":{"line":250,"column":null}},"66":{"start":{"line":253,"column":2},"end":{"line":260,"column":null}},"67":{"start":{"line":259,"column":26},"end":{"line":259,"column":null}},"68":{"start":{"line":262,"column":2},"end":{"line":269,"column":null}},"69":{"start":{"line":268,"column":26},"end":{"line":268,"column":null}},"70":{"start":{"line":271,"column":2},"end":{"line":278,"column":null}},"71":{"start":{"line":277,"column":26},"end":{"line":277,"column":null}},"72":{"start":{"line":280,"column":2},"end":{"line":287,"column":null}},"73":{"start":{"line":286,"column":26},"end":{"line":286,"column":null}},"74":{"start":{"line":289,"column":2},"end":{"line":296,"column":null}},"75":{"start":{"line":295,"column":26},"end":{"line":295,"column":null}},"76":{"start":{"line":298,"column":2},"end":{"line":305,"column":null}},"77":{"start":{"line":304,"column":25},"end":{"line":304,"column":null}},"78":{"start":{"line":309,"column":2},"end":{"line":316,"column":null}},"79":{"start":{"line":315,"column":26},"end":{"line":315,"column":null}},"80":{"start":{"line":318,"column":2},"end":{"line":325,"column":null}},"81":{"start":{"line":324,"column":26},"end":{"line":324,"column":null}},"82":{"start":{"line":327,"column":2},"end":{"line":334,"column":null}},"83":{"start":{"line":333,"column":26},"end":{"line":333,"column":null}},"84":{"start":{"line":336,"column":2},"end":{"line":343,"column":null}},"85":{"start":{"line":342,"column":26},"end":{"line":342,"column":null}},"86":{"start":{"line":345,"column":2},"end":{"line":345,"column":null}},"87":{"start":{"line":352,"column":4},"end":{"line":356,"column":null}},"88":{"start":{"line":363,"column":23},"end":{"line":363,"column":null}},"89":{"start":{"line":364,"column":4},"end":{"line":368,"column":null}},"90":{"start":{"line":375,"column":4},"end":{"line":375,"column":null}},"91":{"start":{"line":376,"column":4},"end":{"line":376,"column":null}},"92":{"start":{"line":383,"column":4},"end":{"line":383,"column":null}},"93":{"start":{"line":390,"column":4},"end":{"line":392,"column":null}},"94":{"start":{"line":391,"column":13},"end":{"line":391,"column":null}},"95":{"start":{"line":399,"column":4},"end":{"line":399,"column":null}},"96":{"start":{"line":399,"column":68},"end":{"line":399,"column":89}},"97":{"start":{"line":406,"column":4},"end":{"line":406,"column":null}},"98":{"start":{"line":406,"column":68},"end":{"line":406,"column":89}},"99":{"start":{"line":413,"column":4},"end":{"line":413,"column":null}},"100":{"start":{"line":413,"column":68},"end":{"line":413,"column":91}},"101":{"start":{"line":420,"column":4},"end":{"line":420,"column":null}},"102":{"start":{"line":427,"column":16},"end":{"line":427,"column":null}},"103":{"start":{"line":428,"column":4},"end":{"line":431,"column":null}},"104":{"start":{"line":429,"column":6},"end":{"line":429,"column":null}},"105":{"start":{"line":430,"column":6},"end":{"line":430,"column":null}},"106":{"start":{"line":432,"column":4},"end":{"line":434,"column":null}},"107":{"start":{"line":433,"column":6},"end":{"line":433,"column":null}},"108":{"start":{"line":436,"column":4},"end":{"line":439,"column":null}},"109":{"start":{"line":437,"column":6},"end":{"line":437,"column":null}},"110":{"start":{"line":438,"column":6},"end":{"line":438,"column":null}},"111":{"start":{"line":440,"column":4},"end":{"line":440,"column":null}},"112":{"start":{"line":447,"column":4},"end":{"line":447,"column":null}},"113":{"start":{"line":447,"column":46},"end":{"line":447,"column":62}},"114":{"start":{"line":455,"column":16},"end":{"line":455,"column":null}},"115":{"start":{"line":456,"column":4},"end":{"line":456,"column":null}},"116":{"start":{"line":456,"column":14},"end":{"line":456,"column":null}},"117":{"start":{"line":459,"column":4},"end":{"line":461,"column":null}},"118":{"start":{"line":460,"column":6},"end":{"line":460,"column":null}},"119":{"start":{"line":463,"column":4},"end":{"line":463,"column":null}},"120":{"start":{"line":472,"column":16},"end":{"line":472,"column":null}},"121":{"start":{"line":473,"column":4},"end":{"line":476,"column":null}},"122":{"start":{"line":474,"column":6},"end":{"line":474,"column":null}},"123":{"start":{"line":475,"column":6},"end":{"line":475,"column":null}},"124":{"start":{"line":477,"column":4},"end":{"line":480,"column":null}},"125":{"start":{"line":478,"column":6},"end":{"line":478,"column":null}},"126":{"start":{"line":479,"column":6},"end":{"line":479,"column":null}},"127":{"start":{"line":486,"column":4},"end":{"line":494,"column":null}},"128":{"start":{"line":487,"column":21},"end":{"line":487,"column":null}},"129":{"start":{"line":488,"column":6},"end":{"line":488,"column":null}},"130":{"start":{"line":489,"column":6},"end":{"line":489,"column":null}},"131":{"start":{"line":490,"column":6},"end":{"line":490,"column":null}},"132":{"start":{"line":492,"column":6},"end":{"line":492,"column":null}},"133":{"start":{"line":493,"column":6},"end":{"line":493,"column":null}},"134":{"start":{"line":496,"column":4},"end":{"line":496,"column":null}},"135":{"start":{"line":497,"column":4},"end":{"line":497,"column":null}},"136":{"start":{"line":500,"column":4},"end":{"line":500,"column":null}},"137":{"start":{"line":502,"column":4},"end":{"line":502,"column":null}},"138":{"start":{"line":509,"column":4},"end":{"line":509,"column":null}},"139":{"start":{"line":517,"column":16},"end":{"line":517,"column":null}},"140":{"start":{"line":518,"column":4},"end":{"line":521,"column":null}},"141":{"start":{"line":519,"column":6},"end":{"line":519,"column":null}},"142":{"start":{"line":520,"column":6},"end":{"line":520,"column":null}},"143":{"start":{"line":522,"column":4},"end":{"line":525,"column":null}},"144":{"start":{"line":523,"column":6},"end":{"line":523,"column":null}},"145":{"start":{"line":524,"column":6},"end":{"line":524,"column":null}},"146":{"start":{"line":527,"column":4},"end":{"line":527,"column":null}},"147":{"start":{"line":528,"column":4},"end":{"line":528,"column":null}},"148":{"start":{"line":531,"column":4},"end":{"line":531,"column":null}},"149":{"start":{"line":533,"column":4},"end":{"line":533,"column":null}},"150":{"start":{"line":540,"column":16},"end":{"line":540,"column":null}},"151":{"start":{"line":541,"column":4},"end":{"line":544,"column":null}},"152":{"start":{"line":542,"column":6},"end":{"line":542,"column":null}},"153":{"start":{"line":543,"column":6},"end":{"line":543,"column":null}},"154":{"start":{"line":546,"column":19},"end":{"line":546,"column":null}},"155":{"start":{"line":547,"column":4},"end":{"line":547,"column":null}},"156":{"start":{"line":548,"column":4},"end":{"line":548,"column":null}},"157":{"start":{"line":551,"column":4},"end":{"line":551,"column":null}},"158":{"start":{"line":553,"column":4},"end":{"line":553,"column":null}},"159":{"start":{"line":560,"column":21},"end":{"line":562,"column":null}},"160":{"start":{"line":561,"column":21},"end":{"line":561,"column":37}},"161":{"start":{"line":562,"column":26},"end":{"line":562,"column":48}},"162":{"start":{"line":564,"column":4},"end":{"line":567,"column":null}},"163":{"start":{"line":565,"column":6},"end":{"line":565,"column":null}},"164":{"start":{"line":566,"column":6},"end":{"line":566,"column":null}},"165":{"start":{"line":574,"column":21},"end":{"line":576,"column":null}},"166":{"start":{"line":575,"column":21},"end":{"line":575,"column":37}},"167":{"start":{"line":576,"column":26},"end":{"line":576,"column":48}},"168":{"start":{"line":578,"column":4},"end":{"line":581,"column":null}},"169":{"start":{"line":579,"column":6},"end":{"line":579,"column":null}},"170":{"start":{"line":580,"column":6},"end":{"line":580,"column":null}},"171":{"start":{"line":588,"column":4},"end":{"line":590,"column":null}},"172":{"start":{"line":589,"column":21},"end":{"line":589,"column":37}},"173":{"start":{"line":590,"column":26},"end":{"line":590,"column":48}},"174":{"start":{"line":597,"column":4},"end":{"line":597,"column":null}},"175":{"start":{"line":604,"column":4},"end":{"line":606,"column":null}},"176":{"start":{"line":605,"column":21},"end":{"line":605,"column":37}},"177":{"start":{"line":606,"column":26},"end":{"line":606,"column":48}},"178":{"start":{"line":613,"column":4},"end":{"line":615,"column":null}},"179":{"start":{"line":614,"column":21},"end":{"line":614,"column":37}},"180":{"start":{"line":615,"column":26},"end":{"line":615,"column":48}},"181":{"start":{"line":622,"column":16},"end":{"line":622,"column":null}},"182":{"start":{"line":623,"column":4},"end":{"line":625,"column":null}},"183":{"start":{"line":624,"column":6},"end":{"line":624,"column":null}},"184":{"start":{"line":626,"column":4},"end":{"line":626,"column":null}},"185":{"start":{"line":634,"column":4},"end":{"line":634,"column":null}},"186":{"start":{"line":641,"column":19},"end":{"line":641,"column":null}},"187":{"start":{"line":642,"column":4},"end":{"line":642,"column":null}},"188":{"start":{"line":649,"column":4},"end":{"line":649,"column":null}},"189":{"start":{"line":649,"column":46},"end":{"line":649,"column":62}},"190":{"start":{"line":656,"column":4},"end":{"line":656,"column":null}},"191":{"start":{"line":663,"column":4},"end":{"line":663,"column":null}},"192":{"start":{"line":672,"column":2},"end":{"line":672,"column":null}}},"fnMap":{"0":{"name":"sumOfValue","decl":{"start":{"line":55,"column":9},"end":{"line":55,"column":20}},"loc":{"start":{"line":55,"column":59},"end":{"line":57,"column":null}},"line":55},"1":{"name":"(anonymous_1)","decl":{"start":{"line":56,"column":21},"end":{"line":56,"column":22}},"loc":{"start":{"line":56,"column":28},"end":{"line":56,"column":39}},"line":56},"2":{"name":"(anonymous_2)","decl":{"start":{"line":56,"column":48},"end":{"line":56,"column":49}},"loc":{"start":{"line":56,"column":60},"end":{"line":56,"column":69}},"line":56},"3":{"name":"getCounts","decl":{"start":{"line":62,"column":9},"end":{"line":62,"column":19}},"loc":{"start":{"line":62,"column":56},"end":{"line":68,"column":null}},"line":62},"4":{"name":"hasNOfAKind","decl":{"start":{"line":73,"column":9},"end":{"line":73,"column":21}},"loc":{"start":{"line":73,"column":57},"end":{"line":76,"column":null}},"line":73},"5":{"name":"(anonymous_5)","decl":{"start":{"line":75,"column":42},"end":{"line":75,"column":43}},"loc":{"start":{"line":75,"column":53},"end":{"line":75,"column":63}},"line":75},"6":{"name":"hasSmallStraight","decl":{"start":{"line":81,"column":9},"end":{"line":81,"column":26}},"loc":{"start":{"line":81,"column":51},"end":{"line":84,"column":null}},"line":81},"7":{"name":"(anonymous_7)","decl":{"start":{"line":82,"column":41},"end":{"line":82,"column":42}},"loc":{"start":{"line":82,"column":51},"end":{"line":82,"column":56}},"line":82},"8":{"name":"hasLargeStraight","decl":{"start":{"line":89,"column":9},"end":{"line":89,"column":26}},"loc":{"start":{"line":89,"column":51},"end":{"line":92,"column":null}},"line":89},"9":{"name":"(anonymous_9)","decl":{"start":{"line":90,"column":32},"end":{"line":90,"column":33}},"loc":{"start":{"line":90,"column":42},"end":{"line":90,"column":47}},"line":90},"10":{"name":"hasFullHouse","decl":{"start":{"line":97,"column":9},"end":{"line":97,"column":22}},"loc":{"start":{"line":97,"column":47},"end":{"line":100,"column":null}},"line":97},"11":{"name":"(anonymous_11)","decl":{"start":{"line":98,"column":59},"end":{"line":98,"column":60}},"loc":{"start":{"line":98,"column":69},"end":{"line":98,"column":74}},"line":98},"12":{"name":"sumAll","decl":{"start":{"line":105,"column":9},"end":{"line":105,"column":16}},"loc":{"start":{"line":105,"column":40},"end":{"line":107,"column":null}},"line":105},"13":{"name":"(anonymous_13)","decl":{"start":{"line":106,"column":21},"end":{"line":106,"column":22}},"loc":{"start":{"line":106,"column":33},"end":{"line":106,"column":42}},"line":106},"14":{"name":"get5of6Subsets","decl":{"start":{"line":114,"column":9},"end":{"line":114,"column":24}},"loc":{"start":{"line":114,"column":52},"end":{"line":124,"column":null}},"line":114},"15":{"name":"findBestScoreFor6Dice","decl":{"start":{"line":130,"column":9},"end":{"line":130,"column":31}},"loc":{"start":{"line":130,"column":120},"end":{"line":144,"column":null}},"line":130},"16":{"name":"hasTwoPair","decl":{"start":{"line":154,"column":9},"end":{"line":154,"column":20}},"loc":{"start":{"line":154,"column":45},"end":{"line":159,"column":null}},"line":154},"17":{"name":"(anonymous_17)","decl":{"start":{"line":155,"column":59},"end":{"line":155,"column":60}},"loc":{"start":{"line":155,"column":69},"end":{"line":155,"column":74}},"line":155},"18":{"name":"(anonymous_18)","decl":{"start":{"line":157,"column":34},"end":{"line":157,"column":35}},"loc":{"start":{"line":157,"column":41},"end":{"line":157,"column":47}},"line":157},"19":{"name":"isAllOdd","decl":{"start":{"line":164,"column":9},"end":{"line":164,"column":18}},"loc":{"start":{"line":164,"column":43},"end":{"line":166,"column":null}},"line":164},"20":{"name":"(anonymous_20)","decl":{"start":{"line":165,"column":20},"end":{"line":165,"column":21}},"loc":{"start":{"line":165,"column":27},"end":{"line":165,"column":38}},"line":165},"21":{"name":"isAllEven","decl":{"start":{"line":171,"column":9},"end":{"line":171,"column":19}},"loc":{"start":{"line":171,"column":44},"end":{"line":173,"column":null}},"line":171},"22":{"name":"(anonymous_22)","decl":{"start":{"line":172,"column":20},"end":{"line":172,"column":21}},"loc":{"start":{"line":172,"column":27},"end":{"line":172,"column":38}},"line":172},"23":{"name":"isAllHigh","decl":{"start":{"line":178,"column":9},"end":{"line":178,"column":19}},"loc":{"start":{"line":178,"column":44},"end":{"line":180,"column":null}},"line":178},"24":{"name":"(anonymous_24)","decl":{"start":{"line":179,"column":20},"end":{"line":179,"column":21}},"loc":{"start":{"line":179,"column":27},"end":{"line":179,"column":33}},"line":179},"25":{"name":"createCategories","decl":{"start":{"line":185,"column":9},"end":{"line":185,"column":55}},"loc":{"start":{"line":185,"column":55},"end":{"line":346,"column":null}},"line":185},"26":{"name":"(anonymous_26)","decl":{"start":{"line":195,"column":15},"end":{"line":195,"column":16}},"loc":{"start":{"line":195,"column":25},"end":{"line":195,"column":null}},"line":195},"27":{"name":"(anonymous_27)","decl":{"start":{"line":204,"column":15},"end":{"line":204,"column":16}},"loc":{"start":{"line":204,"column":25},"end":{"line":204,"column":null}},"line":204},"28":{"name":"(anonymous_28)","decl":{"start":{"line":213,"column":15},"end":{"line":213,"column":16}},"loc":{"start":{"line":213,"column":25},"end":{"line":213,"column":null}},"line":213},"29":{"name":"(anonymous_29)","decl":{"start":{"line":222,"column":15},"end":{"line":222,"column":16}},"loc":{"start":{"line":222,"column":25},"end":{"line":222,"column":null}},"line":222},"30":{"name":"(anonymous_30)","decl":{"start":{"line":231,"column":15},"end":{"line":231,"column":16}},"loc":{"start":{"line":231,"column":25},"end":{"line":231,"column":null}},"line":231},"31":{"name":"(anonymous_31)","decl":{"start":{"line":240,"column":15},"end":{"line":240,"column":16}},"loc":{"start":{"line":240,"column":25},"end":{"line":240,"column":null}},"line":240},"32":{"name":"(anonymous_32)","decl":{"start":{"line":250,"column":15},"end":{"line":250,"column":16}},"loc":{"start":{"line":250,"column":26},"end":{"line":250,"column":null}},"line":250},"33":{"name":"(anonymous_33)","decl":{"start":{"line":259,"column":15},"end":{"line":259,"column":16}},"loc":{"start":{"line":259,"column":26},"end":{"line":259,"column":null}},"line":259},"34":{"name":"(anonymous_34)","decl":{"start":{"line":268,"column":15},"end":{"line":268,"column":16}},"loc":{"start":{"line":268,"column":26},"end":{"line":268,"column":null}},"line":268},"35":{"name":"(anonymous_35)","decl":{"start":{"line":277,"column":15},"end":{"line":277,"column":16}},"loc":{"start":{"line":277,"column":26},"end":{"line":277,"column":null}},"line":277},"36":{"name":"(anonymous_36)","decl":{"start":{"line":286,"column":15},"end":{"line":286,"column":16}},"loc":{"start":{"line":286,"column":26},"end":{"line":286,"column":null}},"line":286},"37":{"name":"(anonymous_37)","decl":{"start":{"line":295,"column":15},"end":{"line":295,"column":16}},"loc":{"start":{"line":295,"column":26},"end":{"line":295,"column":null}},"line":295},"38":{"name":"(anonymous_38)","decl":{"start":{"line":304,"column":15},"end":{"line":304,"column":16}},"loc":{"start":{"line":304,"column":25},"end":{"line":304,"column":null}},"line":304},"39":{"name":"(anonymous_39)","decl":{"start":{"line":315,"column":15},"end":{"line":315,"column":16}},"loc":{"start":{"line":315,"column":26},"end":{"line":315,"column":null}},"line":315},"40":{"name":"(anonymous_40)","decl":{"start":{"line":324,"column":15},"end":{"line":324,"column":16}},"loc":{"start":{"line":324,"column":26},"end":{"line":324,"column":null}},"line":324},"41":{"name":"(anonymous_41)","decl":{"start":{"line":333,"column":15},"end":{"line":333,"column":16}},"loc":{"start":{"line":333,"column":26},"end":{"line":333,"column":null}},"line":333},"42":{"name":"(anonymous_42)","decl":{"start":{"line":342,"column":15},"end":{"line":342,"column":16}},"loc":{"start":{"line":342,"column":26},"end":{"line":342,"column":null}},"line":342},"43":{"name":"(anonymous_43)","decl":{"start":{"line":351,"column":2},"end":{"line":351,"column":16}},"loc":{"start":{"line":351,"column":16},"end":{"line":357,"column":null}},"line":351},"44":{"name":"(anonymous_44)","decl":{"start":{"line":362,"column":2},"end":{"line":362,"column":16}},"loc":{"start":{"line":362,"column":16},"end":{"line":369,"column":null}},"line":362},"45":{"name":"(anonymous_45)","decl":{"start":{"line":374,"column":2},"end":{"line":374,"column":31}},"loc":{"start":{"line":374,"column":31},"end":{"line":377,"column":null}},"line":374},"46":{"name":"(anonymous_46)","decl":{"start":{"line":382,"column":2},"end":{"line":382,"column":37}},"loc":{"start":{"line":382,"column":37},"end":{"line":384,"column":null}},"line":382},"47":{"name":"(anonymous_47)","decl":{"start":{"line":389,"column":2},"end":{"line":389,"column":30}},"loc":{"start":{"line":389,"column":30},"end":{"line":393,"column":null}},"line":389},"48":{"name":"(anonymous_48)","decl":{"start":{"line":391,"column":6},"end":{"line":391,"column":7}},"loc":{"start":{"line":391,"column":13},"end":{"line":391,"column":null}},"line":391},"49":{"name":"(anonymous_49)","decl":{"start":{"line":398,"column":2},"end":{"line":398,"column":32}},"loc":{"start":{"line":398,"column":32},"end":{"line":400,"column":null}},"line":398},"50":{"name":"(anonymous_50)","decl":{"start":{"line":399,"column":61},"end":{"line":399,"column":62}},"loc":{"start":{"line":399,"column":68},"end":{"line":399,"column":89}},"line":399},"51":{"name":"(anonymous_51)","decl":{"start":{"line":405,"column":2},"end":{"line":405,"column":32}},"loc":{"start":{"line":405,"column":32},"end":{"line":407,"column":null}},"line":405},"52":{"name":"(anonymous_52)","decl":{"start":{"line":406,"column":61},"end":{"line":406,"column":62}},"loc":{"start":{"line":406,"column":68},"end":{"line":406,"column":89}},"line":406},"53":{"name":"(anonymous_53)","decl":{"start":{"line":412,"column":2},"end":{"line":412,"column":34}},"loc":{"start":{"line":412,"column":34},"end":{"line":414,"column":null}},"line":412},"54":{"name":"(anonymous_54)","decl":{"start":{"line":413,"column":61},"end":{"line":413,"column":62}},"loc":{"start":{"line":413,"column":68},"end":{"line":413,"column":91}},"line":413},"55":{"name":"(anonymous_55)","decl":{"start":{"line":419,"column":2},"end":{"line":419,"column":14}},"loc":{"start":{"line":419,"column":52},"end":{"line":421,"column":null}},"line":419},"56":{"name":"(anonymous_56)","decl":{"start":{"line":426,"column":2},"end":{"line":426,"column":14}},"loc":{"start":{"line":426,"column":39},"end":{"line":441,"column":null}},"line":426},"57":{"name":"(anonymous_57)","decl":{"start":{"line":446,"column":2},"end":{"line":446,"column":39}},"loc":{"start":{"line":446,"column":39},"end":{"line":448,"column":null}},"line":446},"58":{"name":"(anonymous_58)","decl":{"start":{"line":447,"column":39},"end":{"line":447,"column":40}},"loc":{"start":{"line":447,"column":46},"end":{"line":447,"column":62}},"line":447},"59":{"name":"(anonymous_59)","decl":{"start":{"line":454,"column":2},"end":{"line":454,"column":21}},"loc":{"start":{"line":454,"column":61},"end":{"line":464,"column":null}},"line":454},"60":{"name":"(anonymous_60)","decl":{"start":{"line":471,"column":2},"end":{"line":471,"column":8}},"loc":{"start":{"line":471,"column":48},"end":{"line":503,"column":null}},"line":471},"61":{"name":"(anonymous_61)","decl":{"start":{"line":508,"column":2},"end":{"line":508,"column":13}},"loc":{"start":{"line":508,"column":53},"end":{"line":510,"column":null}},"line":508},"62":{"name":"(anonymous_62)","decl":{"start":{"line":516,"column":2},"end":{"line":516,"column":10}},"loc":{"start":{"line":516,"column":35},"end":{"line":534,"column":null}},"line":516},"63":{"name":"(anonymous_63)","decl":{"start":{"line":539,"column":2},"end":{"line":539,"column":22}},"loc":{"start":{"line":539,"column":62},"end":{"line":554,"column":null}},"line":539},"64":{"name":"(anonymous_64)","decl":{"start":{"line":559,"column":10},"end":{"line":559,"column":34}},"loc":{"start":{"line":559,"column":34},"end":{"line":568,"column":null}},"line":559},"65":{"name":"(anonymous_65)","decl":{"start":{"line":561,"column":14},"end":{"line":561,"column":15}},"loc":{"start":{"line":561,"column":21},"end":{"line":561,"column":37}},"line":561},"66":{"name":"(anonymous_66)","decl":{"start":{"line":562,"column":14},"end":{"line":562,"column":15}},"loc":{"start":{"line":562,"column":26},"end":{"line":562,"column":48}},"line":562},"67":{"name":"(anonymous_67)","decl":{"start":{"line":573,"column":10},"end":{"line":573,"column":36}},"loc":{"start":{"line":573,"column":36},"end":{"line":582,"column":null}},"line":573},"68":{"name":"(anonymous_68)","decl":{"start":{"line":575,"column":14},"end":{"line":575,"column":15}},"loc":{"start":{"line":575,"column":21},"end":{"line":575,"column":37}},"line":575},"69":{"name":"(anonymous_69)","decl":{"start":{"line":576,"column":14},"end":{"line":576,"column":15}},"loc":{"start":{"line":576,"column":26},"end":{"line":576,"column":48}},"line":576},"70":{"name":"(anonymous_70)","decl":{"start":{"line":587,"column":2},"end":{"line":587,"column":29}},"loc":{"start":{"line":587,"column":29},"end":{"line":591,"column":null}},"line":587},"71":{"name":"(anonymous_71)","decl":{"start":{"line":589,"column":14},"end":{"line":589,"column":15}},"loc":{"start":{"line":589,"column":21},"end":{"line":589,"column":37}},"line":589},"72":{"name":"(anonymous_72)","decl":{"start":{"line":590,"column":14},"end":{"line":590,"column":15}},"loc":{"start":{"line":590,"column":26},"end":{"line":590,"column":48}},"line":590},"73":{"name":"(anonymous_73)","decl":{"start":{"line":596,"column":2},"end":{"line":596,"column":26}},"loc":{"start":{"line":596,"column":26},"end":{"line":598,"column":null}},"line":596},"74":{"name":"(anonymous_74)","decl":{"start":{"line":603,"column":2},"end":{"line":603,"column":26}},"loc":{"start":{"line":603,"column":26},"end":{"line":607,"column":null}},"line":603},"75":{"name":"(anonymous_75)","decl":{"start":{"line":605,"column":14},"end":{"line":605,"column":15}},"loc":{"start":{"line":605,"column":21},"end":{"line":605,"column":37}},"line":605},"76":{"name":"(anonymous_76)","decl":{"start":{"line":606,"column":14},"end":{"line":606,"column":15}},"loc":{"start":{"line":606,"column":26},"end":{"line":606,"column":48}},"line":606},"77":{"name":"(anonymous_77)","decl":{"start":{"line":612,"column":2},"end":{"line":612,"column":28}},"loc":{"start":{"line":612,"column":28},"end":{"line":616,"column":null}},"line":612},"78":{"name":"(anonymous_78)","decl":{"start":{"line":614,"column":14},"end":{"line":614,"column":15}},"loc":{"start":{"line":614,"column":21},"end":{"line":614,"column":37}},"line":614},"79":{"name":"(anonymous_79)","decl":{"start":{"line":615,"column":14},"end":{"line":615,"column":15}},"loc":{"start":{"line":615,"column":26},"end":{"line":615,"column":48}},"line":615},"80":{"name":"(anonymous_80)","decl":{"start":{"line":621,"column":2},"end":{"line":621,"column":21}},"loc":{"start":{"line":621,"column":21},"end":{"line":627,"column":null}},"line":621},"81":{"name":"(anonymous_81)","decl":{"start":{"line":633,"column":2},"end":{"line":633,"column":24}},"loc":{"start":{"line":633,"column":24},"end":{"line":635,"column":null}},"line":633},"82":{"name":"(anonymous_82)","decl":{"start":{"line":640,"column":2},"end":{"line":640,"column":33}},"loc":{"start":{"line":640,"column":33},"end":{"line":643,"column":null}},"line":640},"83":{"name":"(anonymous_83)","decl":{"start":{"line":648,"column":2},"end":{"line":648,"column":27}},"loc":{"start":{"line":648,"column":27},"end":{"line":650,"column":null}},"line":648},"84":{"name":"(anonymous_84)","decl":{"start":{"line":649,"column":39},"end":{"line":649,"column":40}},"loc":{"start":{"line":649,"column":46},"end":{"line":649,"column":62}},"line":649},"85":{"name":"(anonymous_85)","decl":{"start":{"line":655,"column":2},"end":{"line":655,"column":30}},"loc":{"start":{"line":655,"column":30},"end":{"line":657,"column":null}},"line":655},"86":{"name":"(anonymous_86)","decl":{"start":{"line":662,"column":2},"end":{"line":662,"column":18}},"loc":{"start":{"line":662,"column":18},"end":{"line":664,"column":null}},"line":662},"87":{"name":"createScorecard","decl":{"start":{"line":671,"column":16},"end":{"line":671,"column":45}},"loc":{"start":{"line":671,"column":45},"end":{"line":673,"column":null}},"line":671}},"branchMap":{"0":{"loc":{"start":{"line":65,"column":19},"end":{"line":65,"column":41}},"type":"binary-expr","locations":[{"start":{"line":65,"column":19},"end":{"line":65,"column":36}},{"start":{"line":65,"column":36},"end":{"line":65,"column":41}}],"line":65},"1":{"loc":{"start":{"line":83,"column":9},"end":{"line":83,"column":null}},"type":"binary-expr","locations":[{"start":{"line":83,"column":9},"end":{"line":83,"column":36}},{"start":{"line":83,"column":36},"end":{"line":83,"column":63}},{"start":{"line":83,"column":63},"end":{"line":83,"column":null}}],"line":83},"2":{"loc":{"start":{"line":91,"column":9},"end":{"line":91,"column":null}},"type":"binary-expr","locations":[{"start":{"line":91,"column":9},"end":{"line":91,"column":31}},{"start":{"line":91,"column":31},"end":{"line":91,"column":null}}],"line":91},"3":{"loc":{"start":{"line":99,"column":9},"end":{"line":99,"column":null}},"type":"binary-expr","locations":[{"start":{"line":99,"column":9},"end":{"line":99,"column":28}},{"start":{"line":99,"column":28},"end":{"line":99,"column":null}}],"line":99},"4":{"loc":{"start":{"line":115,"column":2},"end":{"line":115,"column":null}},"type":"if","locations":[{"start":{"line":115,"column":2},"end":{"line":115,"column":null}},{"start":{},"end":{}}],"line":115},"5":{"loc":{"start":{"line":137,"column":4},"end":{"line":140,"column":null}},"type":"if","locations":[{"start":{"line":137,"column":4},"end":{"line":140,"column":null}},{"start":{},"end":{}}],"line":137},"6":{"loc":{"start":{"line":158,"column":9},"end":{"line":158,"column":null}},"type":"binary-expr","locations":[{"start":{"line":158,"column":9},"end":{"line":158,"column":27}},{"start":{"line":158,"column":27},"end":{"line":158,"column":50}},{"start":{"line":158,"column":50},"end":{"line":158,"column":null}}],"line":158},"7":{"loc":{"start":{"line":250,"column":26},"end":{"line":250,"column":null}},"type":"cond-expr","locations":[{"start":{"line":250,"column":49},"end":{"line":250,"column":64}},{"start":{"line":250,"column":64},"end":{"line":250,"column":null}}],"line":250},"8":{"loc":{"start":{"line":259,"column":26},"end":{"line":259,"column":null}},"type":"cond-expr","locations":[{"start":{"line":259,"column":49},"end":{"line":259,"column":64}},{"start":{"line":259,"column":64},"end":{"line":259,"column":null}}],"line":259},"9":{"loc":{"start":{"line":268,"column":26},"end":{"line":268,"column":null}},"type":"cond-expr","locations":[{"start":{"line":268,"column":47},"end":{"line":268,"column":52}},{"start":{"line":268,"column":52},"end":{"line":268,"column":null}}],"line":268},"10":{"loc":{"start":{"line":277,"column":26},"end":{"line":277,"column":null}},"type":"cond-expr","locations":[{"start":{"line":277,"column":51},"end":{"line":277,"column":56}},{"start":{"line":277,"column":56},"end":{"line":277,"column":null}}],"line":277},"11":{"loc":{"start":{"line":286,"column":26},"end":{"line":286,"column":null}},"type":"cond-expr","locations":[{"start":{"line":286,"column":51},"end":{"line":286,"column":56}},{"start":{"line":286,"column":56},"end":{"line":286,"column":null}}],"line":286},"12":{"loc":{"start":{"line":295,"column":26},"end":{"line":295,"column":null}},"type":"cond-expr","locations":[{"start":{"line":295,"column":49},"end":{"line":295,"column":54}},{"start":{"line":295,"column":54},"end":{"line":295,"column":null}}],"line":295},"13":{"loc":{"start":{"line":315,"column":26},"end":{"line":315,"column":null}},"type":"cond-expr","locations":[{"start":{"line":315,"column":45},"end":{"line":315,"column":50}},{"start":{"line":315,"column":50},"end":{"line":315,"column":null}}],"line":315},"14":{"loc":{"start":{"line":324,"column":26},"end":{"line":324,"column":null}},"type":"cond-expr","locations":[{"start":{"line":324,"column":43},"end":{"line":324,"column":48}},{"start":{"line":324,"column":48},"end":{"line":324,"column":null}}],"line":324},"15":{"loc":{"start":{"line":333,"column":26},"end":{"line":333,"column":null}},"type":"cond-expr","locations":[{"start":{"line":333,"column":44},"end":{"line":333,"column":49}},{"start":{"line":333,"column":49},"end":{"line":333,"column":null}}],"line":333},"16":{"loc":{"start":{"line":342,"column":26},"end":{"line":342,"column":null}},"type":"cond-expr","locations":[{"start":{"line":342,"column":44},"end":{"line":342,"column":49}},{"start":{"line":342,"column":49},"end":{"line":342,"column":null}}],"line":342},"17":{"loc":{"start":{"line":391,"column":13},"end":{"line":391,"column":null}},"type":"binary-expr","locations":[{"start":{"line":391,"column":13},"end":{"line":391,"column":40}},{"start":{"line":391,"column":40},"end":{"line":391,"column":null}}],"line":391},"18":{"loc":{"start":{"line":428,"column":4},"end":{"line":431,"column":null}},"type":"if","locations":[{"start":{"line":428,"column":4},"end":{"line":431,"column":null}},{"start":{},"end":{}}],"line":428},"19":{"loc":{"start":{"line":432,"column":4},"end":{"line":434,"column":null}},"type":"if","locations":[{"start":{"line":432,"column":4},"end":{"line":434,"column":null}},{"start":{},"end":{}}],"line":432},"20":{"loc":{"start":{"line":436,"column":4},"end":{"line":439,"column":null}},"type":"if","locations":[{"start":{"line":436,"column":4},"end":{"line":439,"column":null}},{"start":{},"end":{}}],"line":436},"21":{"loc":{"start":{"line":436,"column":8},"end":{"line":436,"column":72}},"type":"binary-expr","locations":[{"start":{"line":436,"column":8},"end":{"line":436,"column":37}},{"start":{"line":436,"column":37},"end":{"line":436,"column":72}}],"line":436},"22":{"loc":{"start":{"line":456,"column":4},"end":{"line":456,"column":null}},"type":"if","locations":[{"start":{"line":456,"column":4},"end":{"line":456,"column":null}},{"start":{},"end":{}}],"line":456},"23":{"loc":{"start":{"line":459,"column":4},"end":{"line":461,"column":null}},"type":"if","locations":[{"start":{"line":459,"column":4},"end":{"line":461,"column":null}},{"start":{},"end":{}}],"line":459},"24":{"loc":{"start":{"line":473,"column":4},"end":{"line":476,"column":null}},"type":"if","locations":[{"start":{"line":473,"column":4},"end":{"line":476,"column":null}},{"start":{},"end":{}}],"line":473},"25":{"loc":{"start":{"line":477,"column":4},"end":{"line":480,"column":null}},"type":"if","locations":[{"start":{"line":477,"column":4},"end":{"line":480,"column":null}},{"start":{},"end":{}}],"line":477},"26":{"loc":{"start":{"line":486,"column":4},"end":{"line":494,"column":null}},"type":"if","locations":[{"start":{"line":486,"column":4},"end":{"line":494,"column":null}},{"start":{"line":491,"column":11},"end":{"line":494,"column":null}}],"line":486},"27":{"loc":{"start":{"line":518,"column":4},"end":{"line":521,"column":null}},"type":"if","locations":[{"start":{"line":518,"column":4},"end":{"line":521,"column":null}},{"start":{},"end":{}}],"line":518},"28":{"loc":{"start":{"line":522,"column":4},"end":{"line":525,"column":null}},"type":"if","locations":[{"start":{"line":522,"column":4},"end":{"line":525,"column":null}},{"start":{},"end":{}}],"line":522},"29":{"loc":{"start":{"line":541,"column":4},"end":{"line":544,"column":null}},"type":"if","locations":[{"start":{"line":541,"column":4},"end":{"line":544,"column":null}},{"start":{},"end":{}}],"line":541},"30":{"loc":{"start":{"line":562,"column":33},"end":{"line":562,"column":48}},"type":"binary-expr","locations":[{"start":{"line":562,"column":33},"end":{"line":562,"column":44}},{"start":{"line":562,"column":44},"end":{"line":562,"column":48}}],"line":562},"31":{"loc":{"start":{"line":564,"column":4},"end":{"line":567,"column":null}},"type":"if","locations":[{"start":{"line":564,"column":4},"end":{"line":567,"column":null}},{"start":{},"end":{}}],"line":564},"32":{"loc":{"start":{"line":564,"column":8},"end":{"line":564,"column":85}},"type":"binary-expr","locations":[{"start":{"line":564,"column":8},"end":{"line":564,"column":56}},{"start":{"line":564,"column":56},"end":{"line":564,"column":85}}],"line":564},"33":{"loc":{"start":{"line":576,"column":33},"end":{"line":576,"column":48}},"type":"binary-expr","locations":[{"start":{"line":576,"column":33},"end":{"line":576,"column":44}},{"start":{"line":576,"column":44},"end":{"line":576,"column":48}}],"line":576},"34":{"loc":{"start":{"line":578,"column":4},"end":{"line":581,"column":null}},"type":"if","locations":[{"start":{"line":578,"column":4},"end":{"line":581,"column":null}},{"start":{},"end":{}}],"line":578},"35":{"loc":{"start":{"line":578,"column":8},"end":{"line":578,"column":82}},"type":"binary-expr","locations":[{"start":{"line":578,"column":8},"end":{"line":578,"column":55}},{"start":{"line":578,"column":55},"end":{"line":578,"column":82}}],"line":578},"36":{"loc":{"start":{"line":590,"column":33},"end":{"line":590,"column":48}},"type":"binary-expr","locations":[{"start":{"line":590,"column":33},"end":{"line":590,"column":44}},{"start":{"line":590,"column":44},"end":{"line":590,"column":48}}],"line":590},"37":{"loc":{"start":{"line":606,"column":33},"end":{"line":606,"column":48}},"type":"binary-expr","locations":[{"start":{"line":606,"column":33},"end":{"line":606,"column":44}},{"start":{"line":606,"column":44},"end":{"line":606,"column":48}}],"line":606},"38":{"loc":{"start":{"line":615,"column":33},"end":{"line":615,"column":48}},"type":"binary-expr","locations":[{"start":{"line":615,"column":33},"end":{"line":615,"column":44}},{"start":{"line":615,"column":44},"end":{"line":615,"column":48}}],"line":615},"39":{"loc":{"start":{"line":623,"column":4},"end":{"line":625,"column":null}},"type":"if","locations":[{"start":{"line":623,"column":4},"end":{"line":625,"column":null}},{"start":{},"end":{}}],"line":623}},"s":{"0":1,"1":1,"2":49,"3":245,"4":166,"5":17,"6":17,"7":85,"8":17,"9":12,"10":12,"11":29,"12":1,"13":4,"14":1,"15":7,"16":28,"17":7,"18":3,"19":5,"20":3,"21":4,"22":20,"23":3,"24":0,"25":3,"26":3,"27":3,"28":18,"29":18,"30":3,"31":3,"32":3,"33":3,"34":3,"35":18,"36":18,"37":6,"38":6,"39":3,"40":2,"41":4,"42":2,"43":6,"44":2,"45":0,"46":0,"47":0,"48":0,"49":0,"50":0,"51":27,"52":27,"53":12,"54":27,"55":7,"56":27,"57":6,"58":27,"59":6,"60":27,"61":6,"62":27,"63":12,"64":27,"65":1,"66":27,"67":1,"68":27,"69":1,"70":27,"71":1,"72":27,"73":7,"74":27,"75":8,"76":27,"77":2,"78":27,"79":2,"80":27,"81":0,"82":27,"83":0,"84":27,"85":0,"86":27,"87":24,"88":3,"89":3,"90":3,"91":3,"92":3,"93":12,"94":204,"95":60,"96":1020,"97":3,"98":51,"99":3,"100":51,"101":3,"102":0,"103":0,"104":0,"105":0,"106":0,"107":0,"108":0,"109":0,"110":0,"111":0,"112":5,"113":69,"114":2,"115":2,"116":0,"117":2,"118":2,"119":0,"120":56,"121":56,"122":0,"123":0,"124":56,"125":1,"126":1,"127":55,"128":1,"129":1,"130":1,"131":1,"132":54,"133":54,"134":55,"135":55,"136":55,"137":55,"138":0,"139":3,"140":3,"141":0,"142":0,"143":3,"144":1,"145":1,"146":2,"147":2,"148":2,"149":2,"150":0,"151":0,"152":0,"153":0,"154":0,"155":0,"156":0,"157":0,"158":0,"159":55,"160":330,"161":176,"162":55,"163":5,"164":5,"165":2,"166":12,"167":5,"168":2,"169":1,"170":1,"171":3,"172":18,"173":6,"174":7,"175":3,"176":21,"177":0,"178":2,"179":8,"180":2,"181":3,"182":3,"183":1,"184":3,"185":2,"186":0,"187":0,"188":7,"189":95,"190":2,"191":0,"192":24},"f":{"0":49,"1":245,"2":166,"3":17,"4":12,"5":29,"6":1,"7":4,"8":7,"9":28,"10":3,"11":5,"12":4,"13":20,"14":3,"15":3,"16":2,"17":4,"18":6,"19":0,"20":0,"21":0,"22":0,"23":0,"24":0,"25":27,"26":12,"27":7,"28":6,"29":6,"30":6,"31":12,"32":1,"33":1,"34":1,"35":1,"36":7,"37":8,"38":2,"39":2,"40":0,"41":0,"42":0,"43":24,"44":3,"45":3,"46":3,"47":12,"48":204,"49":60,"50":1020,"51":3,"52":51,"53":3,"54":51,"55":3,"56":0,"57":5,"58":69,"59":2,"60":56,"61":0,"62":3,"63":0,"64":55,"65":330,"66":176,"67":2,"68":12,"69":5,"70":3,"71":18,"72":6,"73":7,"74":3,"75":21,"76":0,"77":2,"78":8,"79":2,"80":3,"81":2,"82":0,"83":7,"84":95,"85":2,"86":0,"87":24},"b":{"0":[85,46],"1":[1,0,0],"2":[7,4],"3":[3,1],"4":[0,3],"5":[6,12],"6":[2,2,2],"7":[1,0],"8":[1,0],"9":[1,0],"10":[1,0],"11":[3,4],"12":[1,7],"13":[2,0],"14":[0,0],"15":[0,0],"16":[0,0],"17":[204,48],"18":[0,0],"19":[0,0],"20":[0,0],"21":[0,0],"22":[0,2],"23":[2,0],"24":[0,56],"25":[1,55],"26":[1,54],"27":[0,3],"28":[1,2],"29":[0,0],"30":[176,0],"31":[5,50],"32":[55,13],"33":[5,0],"34":[1,1],"35":[2,2],"36":[6,0],"37":[0,0],"38":[2,0],"39":[1,2]},"meta":{"lastBranch":40,"lastFunction":88,"lastStatement":193,"seen":{"s:10:6:10:Infinity":0,"s:50:38:50:Infinity":1,"f:55:9:55:20":0,"s:56:2:56:Infinity":2,"f:56:21:56:22":1,"s:56:28:56:39":3,"f:56:48:56:49":2,"s:56:60:56:69":4,"f:62:9:62:19":3,"s:63:17:63:Infinity":5,"s:64:2:66:Infinity":6,"s:65:4:65:Infinity":7,"b:65:19:65:36:65:36:65:41":0,"s:67:2:67:Infinity":8,"f:73:9:73:21":4,"s:74:17:74:Infinity":9,"s:75:2:75:Infinity":10,"f:75:42:75:43":5,"s:75:53:75:63":11,"f:81:9:81:26":6,"s:82:17:82:Infinity":12,"f:82:41:82:42":7,"s:82:51:82:56":13,"s:83:2:83:Infinity":14,"b:83:9:83:36:83:36:83:63:83:63:83:Infinity":1,"f:89:9:89:26":8,"s:90:17:90:Infinity":15,"f:90:32:90:33":9,"s:90:42:90:47":16,"s:91:2:91:Infinity":17,"b:91:9:91:31:91:31:91:Infinity":2,"f:97:9:97:22":10,"s:98:17:98:Infinity":18,"f:98:59:98:60":11,"s:98:69:98:74":19,"s:99:2:99:Infinity":20,"b:99:9:99:28:99:28:99:Infinity":3,"f:105:9:105:16":12,"s:106:2:106:Infinity":21,"f:106:21:106:22":13,"s:106:33:106:42":22,"f:114:9:114:24":14,"b:115:2:115:Infinity:undefined:undefined:undefined:undefined":4,"s:115:2:115:Infinity":23,"s:115:25:115:Infinity":24,"s:117:30:117:Infinity":25,"s:118:2:122:Infinity":26,"s:118:15:118:18":27,"s:120:19:120:Infinity":28,"s:121:4:121:Infinity":29,"s:123:2:123:Infinity":30,"f:130:9:130:31":15,"s:131:18:131:Infinity":31,"s:132:18:132:Infinity":32,"s:133:19:133:Infinity":33,"s:135:2:141:Infinity":34,"s:136:18:136:Infinity":35,"b:137:4:140:Infinity:undefined:undefined:undefined:undefined":5,"s:137:4:140:Infinity":36,"s:138:6:138:Infinity":37,"s:139:6:139:Infinity":38,"s:143:2:143:Infinity":39,"f:154:9:154:20":16,"s:155:17:155:Infinity":40,"f:155:59:155:60":17,"s:155:69:155:74":41,"s:157:20:157:Infinity":42,"f:157:34:157:35":18,"s:157:41:157:47":43,"s:158:2:158:Infinity":44,"b:158:9:158:27:158:27:158:50:158:50:158:Infinity":6,"f:164:9:164:18":19,"s:165:2:165:Infinity":45,"f:165:20:165:21":20,"s:165:27:165:38":46,"f:171:9:171:19":21,"s:172:2:172:Infinity":47,"f:172:20:172:21":22,"s:172:27:172:38":48,"f:178:9:178:19":23,"s:179:2:179:Infinity":49,"f:179:20:179:21":24,"s:179:27:179:33":50,"f:185:9:185:55":25,"s:186:21:186:Infinity":51,"s:189:2:196:Infinity":52,"f:195:15:195:16":26,"s:195:25:195:Infinity":53,"s:198:2:205:Infinity":54,"f:204:15:204:16":27,"s:204:25:204:Infinity":55,"s:207:2:214:Infinity":56,"f:213:15:213:16":28,"s:213:25:213:Infinity":57,"s:216:2:223:Infinity":58,"f:222:15:222:16":29,"s:222:25:222:Infinity":59,"s:225:2:232:Infinity":60,"f:231:15:231:16":30,"s:231:25:231:Infinity":61,"s:234:2:241:Infinity":62,"f:240:15:240:16":31,"s:240:25:240:Infinity":63,"s:244:2:251:Infinity":64,"f:250:15:250:16":32,"s:250:26:250:Infinity":65,"b:250:49:250:64:250:64:250:Infinity":7,"s:253:2:260:Infinity":66,"f:259:15:259:16":33,"s:259:26:259:Infinity":67,"b:259:49:259:64:259:64:259:Infinity":8,"s:262:2:269:Infinity":68,"f:268:15:268:16":34,"s:268:26:268:Infinity":69,"b:268:47:268:52:268:52:268:Infinity":9,"s:271:2:278:Infinity":70,"f:277:15:277:16":35,"s:277:26:277:Infinity":71,"b:277:51:277:56:277:56:277:Infinity":10,"s:280:2:287:Infinity":72,"f:286:15:286:16":36,"s:286:26:286:Infinity":73,"b:286:51:286:56:286:56:286:Infinity":11,"s:289:2:296:Infinity":74,"f:295:15:295:16":37,"s:295:26:295:Infinity":75,"b:295:49:295:54:295:54:295:Infinity":12,"s:298:2:305:Infinity":76,"f:304:15:304:16":38,"s:304:25:304:Infinity":77,"s:309:2:316:Infinity":78,"f:315:15:315:16":39,"s:315:26:315:Infinity":79,"b:315:45:315:50:315:50:315:Infinity":13,"s:318:2:325:Infinity":80,"f:324:15:324:16":40,"s:324:26:324:Infinity":81,"b:324:43:324:48:324:48:324:Infinity":14,"s:327:2:334:Infinity":82,"f:333:15:333:16":41,"s:333:26:333:Infinity":83,"b:333:44:333:49:333:49:333:Infinity":15,"s:336:2:343:Infinity":84,"f:342:15:342:16":42,"s:342:26:342:Infinity":85,"b:342:44:342:49:342:49:342:Infinity":16,"s:345:2:345:Infinity":86,"f:351:2:351:16":43,"s:352:4:356:Infinity":87,"f:362:2:362:16":44,"s:363:23:363:Infinity":88,"s:364:4:368:Infinity":89,"f:374:2:374:31":45,"s:375:4:375:Infinity":90,"s:376:4:376:Infinity":91,"f:382:2:382:37":46,"s:383:4:383:Infinity":92,"f:389:2:389:30":47,"s:390:4:392:Infinity":93,"f:391:6:391:7":48,"s:391:13:391:Infinity":94,"b:391:13:391:40:391:40:391:Infinity":17,"f:398:2:398:32":49,"s:399:4:399:Infinity":95,"f:399:61:399:62":50,"s:399:68:399:89":96,"f:405:2:405:32":51,"s:406:4:406:Infinity":97,"f:406:61:406:62":52,"s:406:68:406:89":98,"f:412:2:412:34":53,"s:413:4:413:Infinity":99,"f:413:61:413:62":54,"s:413:68:413:91":100,"f:419:2:419:14":55,"s:420:4:420:Infinity":101,"f:426:2:426:14":56,"s:427:16:427:Infinity":102,"b:428:4:431:Infinity:undefined:undefined:undefined:undefined":18,"s:428:4:431:Infinity":103,"s:429:6:429:Infinity":104,"s:430:6:430:Infinity":105,"b:432:4:434:Infinity:undefined:undefined:undefined:undefined":19,"s:432:4:434:Infinity":106,"s:433:6:433:Infinity":107,"b:436:4:439:Infinity:undefined:undefined:undefined:undefined":20,"s:436:4:439:Infinity":108,"b:436:8:436:37:436:37:436:72":21,"s:437:6:437:Infinity":109,"s:438:6:438:Infinity":110,"s:440:4:440:Infinity":111,"f:446:2:446:39":57,"s:447:4:447:Infinity":112,"f:447:39:447:40":58,"s:447:46:447:62":113,"f:454:2:454:21":59,"s:455:16:455:Infinity":114,"b:456:4:456:Infinity:undefined:undefined:undefined:undefined":22,"s:456:4:456:Infinity":115,"s:456:14:456:Infinity":116,"b:459:4:461:Infinity:undefined:undefined:undefined:undefined":23,"s:459:4:461:Infinity":117,"s:460:6:460:Infinity":118,"s:463:4:463:Infinity":119,"f:471:2:471:8":60,"s:472:16:472:Infinity":120,"b:473:4:476:Infinity:undefined:undefined:undefined:un
[...]
finity":129,"s:489:6:489:Infinity":130,"s:490:6:490:Infinity":131,"s:492:6:492:Infinity":132,"s:493:6:493:Infinity":133,"s:496:4:496:Infinity":134,"s:497:4:497:Infinity":135,"s:500:4:500:Infinity":136,"s:502:4:502:Infinity":137,"f:508:2:508:13":61,"s:509:4:509:Infinity":138,"f:516:2:516:10":62,"s:517:16:517:Infinity":139,"b:518:4:521:Infinity:undefined:undefined:undefined:undefined":27,"s:518:4:521:Infinity":140,"s:519:6:519:Infinity":141,"s:520:6:520:Infinity":142,"b:522:4:525:Infinity:undefined:undefined:undefined:undefined":28,"s:522:4:525:Infinity":143,"s:523:6:523:Infinity":144,"s:524:6:524:Infinity":145,"s:527:4:527:Infinity":146,"s:528:4:528:Infinity":147,"s:531:4:531:Infinity":148,"s:533:4:533:Infinity":149,"f:539:2:539:22":63,"s:540:16:540:Infinity":150,"b:541:4:544:Infinity:undefined:undefined:undefined:undefined":29,"s:541:4:544:Infinity":151,"s:542:6:542:Infinity":152,"s:543:6:543:Infinity":153,"s:546:19:546:Infinity":154,"s:547:4:547:Infinity":155,"s:548:4:548:Infinity":156,"s:551:4:551:Infinity":157,"s:553:4:553:Infinity":158,"f:559:10:559:34":64,"s:560:21:562:Infinity":159,"f:561:14:561:15":65,"s:561:21:561:37":160,"f:562:14:562:15":66,"s:562:26:562:48":161,"b:562:33:562:44:562:44:562:48":30,"b:564:4:567:Infinity:undefined:undefined:undefined:undefined":31,"s:564:4:567:Infinity":162,"b:564:8:564:56:564:56:564:85":32,"s:565:6:565:Infinity":163,"s:566:6:566:Infinity":164,"f:573:10:573:36":67,"s:574:21:576:Infinity":165,"f:575:14:575:15":68,"s:575:21:575:37":166,"f:576:14:576:15":69,"s:576:26:576:48":167,"b:576:33:576:44:576:44:576:48":33,"b:578:4:581:Infinity:undefined:undefined:undefined:undefined":34,"s:578:4:581:Infinity":168,"b:578:8:578:55:578:55:578:82":35,"s:579:6:579:Infinity":169,"s:580:6:580:Infinity":170,"f:587:2:587:29":70,"s:588:4:590:Infinity":171,"f:589:14:589:15":71,"s:589:21:589:37":172,"f:590:14:590:15":72,"s:590:26:590:48":173,"b:590:33:590:44:590:44:590:48":36,"f:596:2:596:26":73,"s:597:4:597:Infinity":174,"f:603:2:603:26":74,"s:604:4:606:Infinity":175,"f:605:14:605:15":75,"s:605:21:605:37":176,"f:606:14:606:15":76,"s:606:26:606:48":177,"b:606:33:606:44:606:44:606:48":37,"f:612:2:612:28":77,"s:613:4:615:Infinity":178,"f:614:14:614:15":78,"s:614:21:614:37":179,"f:615:14:615:15":79,"s:615:26:615:48":180,"b:615:33:615:44:615:44:615:48":38,"f:621:2:621:21":80,"s:622:16:622:Infinity":181,"b:623:4:625:Infinity:undefined:undefined:undefined:undefined":39,"s:623:4:625:Infinity":182,"s:624:6:624:Infinity":183,"s:626:4:626:Infinity":184,"f:633:2:633:24":81,"s:634:4:634:Infinity":185,"f:640:2:640:33":82,"s:641:19:641:Infinity":186,"s:642:4:642:Infinity":187,"f:648:2:648:27":83,"s:649:4:649:Infinity":188,"f:649:39:649:40":84,"s:649:46:649:62":189,"f:655:2:655:30":85,"s:656:4:656:Infinity":190,"f:662:2:662:18":86,"s:663:4:663:Infinity":191,"f:671:16:671:45":87,"s:672:2:672:Infinity":192}}}
,"/Users/joe/Downloads/cursed-dice/src/systems/state-machine.ts": {"path":"/Users/joe/Downloads/cursed-dice/src/systems/state-machine.ts","statementMap":{"0":{"start":{"line":25,"column":6},"end":{"line":25,"column":null}},"1":{"start":{"line":55,"column":2},"end":{"line":55,"column":null}},"2":{"start":{"line":56,"column":2},"end":{"line":56,"column":null}},"3":{"start":{"line":58,"column":2},"end":{"line":58,"column":null}},"4":{"start":{"line":59,"column":2},"end":{"line":59,"column":null}},"5":{"start":{"line":60,"column":2},"end":{"line":60,"column":null}},"6":{"start":{"line":63,"column":4},"end":{"line":63,"column":null}},"7":{"start":{"line":71,"column":4},"end":{"line":71,"column":null}},"8":{"start":{"line":74,"column":4},"end":{"line":74,"column":null}},"9":{"start":{"line":75,"column":4},"end":{"line":75,"column":null}},"10":{"start":{"line":78,"column":4},"end":{"line":78,"column":null}},"11":{"start":{"line":79,"column":4},"end":{"line":79,"column":null}},"12":{"start":{"line":80,"column":4},"end":{"line":80,"column":null}},"13":{"start":{"line":81,"column":4},"end":{"line":81,"column":null}},"14":{"start":{"line":84,"column":4},"end":{"line":84,"column":null}},"15":{"start":{"line":85,"column":4},"end":{"line":85,"column":null}},"16":{"start":{"line":88,"column":4},"end":{"line":88,"column":null}},"17":{"start":{"line":89,"column":4},"end":{"line":89,"column":null}},"18":{"start":{"line":92,"column":4},"end":{"line":92,"column":null}},"19":{"start":{"line":93,"column":4},"end":{"line":93,"column":null}},"20":{"start":{"line":94,"column":4},"end":{"line":94,"column":null}},"21":{"start":{"line":97,"column":4},"end":{"line":97,"column":null}},"22":{"start":{"line":100,"column":4},"end":{"line":100,"column":null}},"23":{"start":{"line":101,"column":4},"end":{"line":101,"column":null}},"24":{"start":{"line":104,"column":4},"end":{"line":104,"column":null}},"25":{"start":{"line":105,"column":4},"end":{"line":105,"column":null}},"26":{"start":{"line":106,"column":4},"end":{"line":106,"column":null}},"27":{"start":{"line":110,"column":4},"end":{"line":110,"column":null}},"28":{"start":{"line":111,"column":4},"end":{"line":111,"column":null}},"29":{"start":{"line":112,"column":4},"end":{"line":112,"column":null}},"30":{"start":{"line":113,"column":4},"end":{"line":113,"column":null}},"31":{"start":{"line":114,"column":4},"end":{"line":114,"column":null}},"32":{"start":{"line":117,"column":4},"end":{"line":117,"column":null}},"33":{"start":{"line":118,"column":4},"end":{"line":118,"column":null}},"34":{"start":{"line":125,"column":4},"end":{"line":125,"column":null}},"35":{"start":{"line":132,"column":28},"end":{"line":137,"column":null}},"36":{"start":{"line":133,"column":24},"end":{"line":133,"column":null}},"37":{"start":{"line":134,"column":22},"end":{"line":134,"column":null}},"38":{"start":{"line":135,"column":24},"end":{"line":135,"column":null}},"39":{"start":{"line":136,"column":6},"end":{"line":136,"column":null}},"40":{"start":{"line":138,"column":4},"end":{"line":138,"column":null}},"41":{"start":{"line":146,"column":4},"end":{"line":149,"column":null}},"42":{"start":{"line":147,"column":6},"end":{"line":147,"column":null}},"43":{"start":{"line":148,"column":6},"end":{"line":148,"column":null}},"44":{"start":{"line":151,"column":17},"end":{"line":151,"column":null}},"45":{"start":{"line":152,"column":4},"end":{"line":152,"column":null}},"46":{"start":{"line":155,"column":4},"end":{"line":155,"column":null}},"47":{"start":{"line":158,"column":20},"end":{"line":158,"column":null}},"48":{"start":{"line":159,"column":4},"end":{"line":159,"column":null}},"49":{"start":{"line":159,"column":28},"end":{"line":159,"column":32}},"50":{"start":{"line":162,"column":4},"end":{"line":162,"column":null}},"51":{"start":{"line":165,"column":21},"end":{"line":165,"column":null}},"52":{"start":{"line":166,"column":4},"end":{"line":166,"column":null}},"53":{"start":{"line":166,"column":29},"end":{"line":166,"column":33}},"54":{"start":{"line":168,"column":4},"end":{"line":168,"column":null}},"55":{"start":{"line":175,"column":17},"end":{"line":175,"column":null}},"56":{"start":{"line":176,"column":4},"end":{"line":176,"column":null}},"57":{"start":{"line":178,"column":4},"end":{"line":178,"column":null}},"58":{"start":{"line":180,"column":20},"end":{"line":180,"column":null}},"59":{"start":{"line":181,"column":4},"end":{"line":181,"column":null}},"60":{"start":{"line":181,"column":28},"end":{"line":181,"column":32}},"61":{"start":{"line":183,"column":4},"end":{"line":183,"column":null}},"62":{"start":{"line":185,"column":21},"end":{"line":185,"column":null}},"63":{"start":{"line":186,"column":4},"end":{"line":186,"column":null}},"64":{"start":{"line":186,"column":29},"end":{"line":186,"column":33}},"65":{"start":{"line":193,"column":4},"end":{"line":195,"column":null}},"66":{"start":{"line":194,"column":6},"end":{"line":194,"column":null}},"67":{"start":{"line":196,"column":4},"end":{"line":196,"column":null}},"68":{"start":{"line":203,"column":4},"end":{"line":205,"column":null}},"69":{"start":{"line":204,"column":6},"end":{"line":204,"column":null}},"70":{"start":{"line":206,"column":4},"end":{"line":206,"column":null}},"71":{"start":{"line":213,"column":4},"end":{"line":213,"column":null}},"72":{"start":{"line":220,"column":4},"end":{"line":220,"column":null}},"73":{"start":{"line":227,"column":4},"end":{"line":227,"column":null}},"74":{"start":{"line":234,"column":4},"end":{"line":234,"column":null}},"75":{"start":{"line":241,"column":4},"end":{"line":241,"column":null}},"76":{"start":{"line":248,"column":4},"end":{"line":248,"column":null}},"77":{"start":{"line":249,"column":4},"end":{"line":249,"column":null}},"78":{"start":{"line":250,"column":4},"end":{"line":250,"column":null}},"79":{"start":{"line":257,"column":4},"end":{"line":257,"column":null}},"80":{"start":{"line":258,"column":4},"end":{"line":258,"column":null}},"81":{"start":{"line":265,"column":4},"end":{"line":265,"column":null}},"82":{"start":{"line":266,"column":4},"end":{"line":266,"column":null}},"83":{"start":{"line":267,"column":4},"end":{"line":267,"column":null}},"84":{"start":{"line":268,"column":4},"end":{"line":268,"column":null}},"85":{"start":{"line":269,"column":4},"end":{"line":269,"column":null}},"86":{"start":{"line":278,"column":2},"end":{"line":278,"column":null}}},"fnMap":{"0":{"name":"(anonymous_0)","decl":{"start":{"line":62,"column":2},"end":{"line":62,"column":16}},"loc":{"start":{"line":62,"column":16},"end":{"line":64,"column":null}},"line":62},"1":{"name":"(anonymous_1)","decl":{"start":{"line":69,"column":10},"end":{"line":69,"column":42}},"loc":{"start":{"line":69,"column":42},"end":{"line":119,"column":null}},"line":69},"2":{"name":"(anonymous_2)","decl":{"start":{"line":124,"column":2},"end":{"line":124,"column":8}},"loc":{"start":{"line":124,"column":75},"end":{"line":126,"column":null}},"line":124},"3":{"name":"(anonymous_3)","decl":{"start":{"line":131,"column":2},"end":{"line":131,"column":6}},"loc":{"start":{"line":131,"column":30},"end":{"line":139,"column":null}},"line":131},"4":{"name":"(anonymous_4)","decl":{"start":{"line":132,"column":50},"end":{"line":132,"column":51}},"loc":{"start":{"line":132,"column":57},"end":{"line":137,"column":5}},"line":132},"5":{"name":"(anonymous_5)","decl":{"start":{"line":145,"column":2},"end":{"line":145,"column":13}},"loc":{"start":{"line":145,"column":37},"end":{"line":169,"column":null}},"line":145},"6":{"name":"(anonymous_6)","decl":{"start":{"line":159,"column":20},"end":{"line":159,"column":21}},"loc":{"start":{"line":159,"column":28},"end":{"line":159,"column":32}},"line":159},"7":{"name":"(anonymous_7)","decl":{"start":{"line":166,"column":21},"end":{"line":166,"column":22}},"loc":{"start":{"line":166,"column":29},"end":{"line":166,"column":33}},"line":166},"8":{"name":"(anonymous_8)","decl":{"start":{"line":174,"column":2},"end":{"line":174,"column":18}},"loc":{"start":{"line":174,"column":39},"end":{"line":187,"column":null}},"line":174},"9":{"name":"(anonymous_9)","decl":{"start":{"line":181,"column":20},"end":{"line":181,"column":21}},"loc":{"start":{"line":181,"column":28},"end":{"line":181,"column":32}},"line":181},"10":{"name":"(anonymous_10)","decl":{"start":{"line":186,"column":21},"end":{"line":186,"column":22}},"loc":{"start":{"line":186,"column":29},"end":{"line":186,"column":33}},"line":186},"11":{"name":"(anonymous_11)","decl":{"start":{"line":192,"column":2},"end":{"line":192,"column":10}},"loc":{"start":{"line":192,"column":59},"end":{"line":197,"column":null}},"line":192},"12":{"name":"(anonymous_12)","decl":{"start":{"line":202,"column":2},"end":{"line":202,"column":9}},"loc":{"start":{"line":202,"column":58},"end":{"line":207,"column":null}},"line":202},"13":{"name":"(anonymous_13)","decl":{"start":{"line":212,"column":2},"end":{"line":212,"column":24}},"loc":{"start":{"line":212,"column":24},"end":{"line":214,"column":null}},"line":212},"14":{"name":"(anonymous_14)","decl":{"start":{"line":219,"column":2},"end":{"line":219,"column":32}},"loc":{"start":{"line":219,"column":32},"end":{"line":221,"column":null}},"line":219},"15":{"name":"(anonymous_15)","decl":{"start":{"line":226,"column":2},"end":{"line":226,"column":5}},"loc":{"start":{"line":226,"column":32},"end":{"line":228,"column":null}},"line":226},"16":{"name":"(anonymous_16)","decl":{"start":{"line":233,"column":2},"end":{"line":233,"column":11}},"loc":{"start":{"line":233,"column":41},"end":{"line":235,"column":null}},"line":233},"17":{"name":"(anonymous_17)","decl":{"start":{"line":240,"column":2},"end":{"line":240,"column":24}},"loc":{"start":{"line":240,"column":24},"end":{"line":242,"column":null}},"line":240},"18":{"name":"(anonymous_18)","decl":{"start":{"line":247,"column":2},"end":{"line":247,"column":16}},"loc":{"start":{"line":247,"column":16},"end":{"line":251,"column":null}},"line":247},"19":{"name":"(anonymous_19)","decl":{"start":{"line":256,"column":2},"end":{"line":256,"column":25}},"loc":{"start":{"line":256,"column":25},"end":{"line":259,"column":null}},"line":256},"20":{"name":"(anonymous_20)","decl":{"start":{"line":264,"column":2},"end":{"line":264,"column":18}},"loc":{"start":{"line":264,"column":18},"end":{"line":270,"column":null}},"line":264},"21":{"name":"createGameStateMachine","decl":{"start":{"line":277,"column":16},"end":{"line":277,"column":59}},"loc":{"start":{"line":277,"column":59},"end":{"line":279,"column":null}},"line":277}},"branchMap":{"0":{"loc":{"start":{"line":133,"column":24},"end":{"line":133,"column":null}},"type":"binary-expr","locations":[{"start":{"line":133,"column":24},"end":{"line":133,"column":42}},{"start":{"line":133,"column":42},"end":{"line":133,"column":null}}],"line":133},"1":{"loc":{"start":{"line":135,"column":24},"end":{"line":135,"column":null}},"type":"binary-expr","locations":[{"start":{"line":135,"column":24},"end":{"line":135,"column":36}},{"start":{"line":135,"column":36},"end":{"line":135,"column":null}}],"line":135},"2":{"loc":{"start":{"line":136,"column":13},"end":{"line":136,"column":null}},"type":"binary-expr","locations":[{"start":{"line":136,"column":13},"end":{"line":136,"column":26}},{"start":{"line":136,"column":26},"end":{"line":136,"column":37}},{"start":{"line":136,"column":37},"end":{"line":136,"column":null}}],"line":136},"3":{"loc":{"start":{"line":146,"column":4},"end":{"line":149,"column":null}},"type":"if","locations":[{"start":{"line":146,"column":4},"end":{"line":149,"column":null}},{"start":{},"end":{}}],"line":146},"4":{"loc":{"start":{"line":158,"column":20},"end":{"line":158,"column":null}},"type":"binary-expr","locations":[{"start":{"line":158,"column":20},"end":{"line":158,"column":52}},{"start":{"line":158,"column":52},"end":{"line":158,"column":null}}],"line":158},"5":{"loc":{"start":{"line":165,"column":21},"end":{"line":165,"column":null}},"type":"binary-expr","locations":[{"start":{"line":165,"column":21},"end":{"line":165,"column":52}},{"start":{"line":165,"column":52},"end":{"line":165,"column":null}}],"line":165},"6":{"loc":{"start":{"line":180,"column":20},"end":{"line":180,"column":null}},"type":"binary-expr","locations":[{"start":{"line":180,"column":20},"end":{"line":180,"column":52}},{"start":{"line":180,"column":52},"end":{"line":180,"column":null}}],"line":180},"7":{"loc":{"start":{"line":185,"column":21},"end":{"line":185,"column":null}},"type":"binary-expr","locations":[{"start":{"line":185,"column":21},"end":{"line":185,"column":52}},{"start":{"line":185,"column":52},"end":{"line":185,"column":null}}],"line":185},"8":{"loc":{"start":{"line":193,"column":4},"end":{"line":195,"column":null}},"type":"if","locations":[{"start":{"line":193,"column":4},"end":{"line":195,"column":null}},{"start":{},"end":{}}],"line":193},"9":{"loc":{"start":{"line":203,"column":4},"end":{"line":205,"column":null}},"type":"if","locations":[{"start":{"line":203,"column":4},"end":{"line":205,"column":null}},{"start":{},"end":{}}],"line":203}},"s":{"0":1,"1":34,"2":34,"3":34,"4":34,"5":34,"6":34,"7":34,"8":34,"9":34,"10":34,"11":34,"12":34,"13":34,"14":34,"15":34,"16":34,"17":34,"18":34,"19":34,"20":34,"21":34,"22":34,"23":34,"24":34,"25":34,"26":34,"27":34,"28":34,"29":34,"30":34,"31":34,"32":34,"33":34,"34":918,"35":70,"36":529,"37":529,"38":529,"39":529,"40":70,"41":65,"42":3,"43":3,"44":62,"45":62,"46":62,"47":62,"48":65,"49":2,"50":65,"51":65,"52":65,"53":4,"54":65,"55":8,"56":8,"57":8,"58":8,"59":8,"60":0,"61":8,"62":8,"63":8,"64":1,"65":7,"66":6,"67":7,"68":2,"69":2,"70":2,"71":11,"72":6,"73":4,"74":9,"75":7,"76":1,"77":1,"78":1,"79":1,"80":1,"81":0,"82":0,"83":0,"84":0,"85":0,"86":34},"f":{"0":34,"1":34,"2":918,"3":70,"4":529,"5":65,"6":2,"7":4,"8":8,"9":0,"10":1,"11":7,"12":2,"13":11,"14":6,"15":4,"16":9,"17":7,"18":1,"19":1,"20":0,"21":34},"b":{"0":[529,529],"1":[529,0],"2":[529,108,63],"3":[3,62],"4":[62,60],"5":[65,59],"6":[8,8],"7":[8,7],"8":[6,1],"9":[2,0]},"meta":{"lastBranch":10,"lastFunction":22,"lastStatement":87,"seen":{"s:25:6:25:Infinity":0,"f:62:2:62:16":0,"s:55:2:55:Infinity":1,"s:56:2:56:Infinity":2,"s:58:2:58:Infinity":3,"s:59:2:59:Infinity":4,"s:60:2:60:Infinity":5,"s:63:4:63:Infinity":6,"f:69:10:69:42":1,"s:71:4:71:Infinity":7,"s:74:4:74:Infinity":8,"s:75:4:75:Infinity":9,"s:78:4:78:Infinity":10,"s:79:4:79:Infinity":11,"s:80:4:80:Infinity":12,"s:81:4:81:Infinity":13,"s:84:4:84:Infinity":14,"s:85:4:85:Infinity":15,"s:88:4:88:Infinity":16,"s:89:4:89:Infinity":17,"s:92:4:92:Infinity":18,"s:93:4:93:Infinity":19,"s:94:4:94:Infinity":20,"s:97:4:97:Infinity":21,"s:100:4:100:Infinity":22,"s:101:4:101:Infinity":23,"s:104:4:104:Infinity":24,"s:105:4:105:Infinity":25,"s:106:4:106:Infinity":26,"s:110:4:110:Infinity":27,"s:111:4:111:Infinity":28,"s:112:4:112:Infinity":29,"s:113:4:113:Infinity":30,"s:114:4:114:Infinity":31,"s:117:4:117:Infinity":32,"s:118:4:118:Infinity":33,"f:124:2:124:8":2,"s:125:4:125:Infinity":34,"f:131:2:131:6":3,"s:132:28:137:Infinity":35,"f:132:50:132:51":4,"s:133:24:133:Infinity":36,"b:133:24:133:42:133:42:133:Infinity":0,"s:134:22:134:Infinity":37,"s:135:24:135:Infinity":38,"b:135:24:135:36:135:36:135:Infinity":1,"s:136:6:136:Infinity":39,"b:136:13:136:26:136:26:136:37:136:37:136:Infinity":2,"s:138:4:138:Infinity":40,"f:145:2:145:13":5,"b:146:4:149:Infinity:undefined:undefined:undefined:undefined":3,"s:146:4:149:Infinity":41,"s:147:6:147:Infinity":42,"s:148:6:148:Infinity":43,"s:151:17:151:Infinity":44,"s:152:4:152:Infinity":45,"s:155:4:155:Infinity":46,"s:158:20:158:Infinity":47,"b:158:20:158:52:158:52:158:Infinity":4,"s:159:4:159:Infinity":48,"f:159:20:159:21":6,"s:159:28:159:32":49,"s:162:4:162:Infinity":50,"s:165:21:165:Infinity":51,"b:165:21:165:52:165:52:165:Infinity":5,"s:166:4:166:Infinity":52,"f:166:21:166:22":7,"s:166:29:166:33":53,"s:168:4:168:Infinity":54,"f:174:2:174:18":8,"s:175:17:175:Infinity":55,"s:176:4:176:Infinity":56,"s:178:4:178:Infinity":57,"s:180:20:180:Infinity":58,"b:180:20:180:52:180:52:180:Infinity":6,"s:181:4:181:Infinity":59,"f:181:20:181:21":9,"s:181:28:181:32":60,"s:183:4:183:Infinity":61,"s:185:21:185:Infinity":62,"b:185:21:185:52:185:52:185:Infinity":7,"s:186:4:186:Infinity":63,"f:186:21:186:22":10,"s:186:29:186:33":64,"f:192:2:192:10":11,"b:193:4:195:Infinity:undefined:undefined:undefined:undefined":8,"s:193:4:195:Infinity":65,"s:194:6:194:Infinity":66,"s:196:4:196:Infinity":67,"f:202:2:202:9":12,"b:203:4:205:Infinity:undefined:undefined:undefined:undefined":9,"s:203:4:205:Infinity":68,"s:204:6:204:Infinity":69,"s:206:4:206:Infinity":70,"f:212:2:212:24":13,"s:213:4:213:Infinity":71,"f:219:2:219:32":14,"s:220:4:220:Infinity":72,"f:226:2:226:5":15,"s:227:4:227:Infinity":73,"f:233:2:233:11":16,"s:234:4:234:Infinity":74,"f:240:2:240:24":17,"s:241:4:241:Infinity":75,"f:247:2:247:16":18,"s:248:4:248:Infinity":76,"s:249:4:249:Infinity":77,"s:250:4:250:Infinity":78,"f:256:2:256:25":19,"s:257:4:257:Infinity":79,"s:258:4:258:Infinity":80,"f:264:2:264:18":20,"s:265:4:265:Infinity":81,"s:266:4:266:Infinity":82,"s:267:4:267:Infinity":83,"s:268:4:268:Infinity":84,"s:269:4:269:Infinity":85,"f:277:16:277:59":21,"s:278:2:278:Infinity":86}}}
}
